<?xml version="1.0" encoding="UTF-8"?>
<!-- Generated by org.testng.reporters.JUnitXMLReporter -->
<testsuite ignored="0" hostname="Nandha" failures="0" tests="3" name="Submit Order Test" time="45.448" errors="0" timestamp="2024-06-16T18:10:16 IST">
  <testcase classname="nandha.tests.SubmitOrderTest" name="submitOrder" time="3.993"/>
  <testcase classname="nandha.tests.SubmitOrderTest" name="submitOrder" time="16.347"/>
  <testcase classname="nandha.tests.SubmitOrderTest" name="orderHistoryTest" time="0.792"/>
</testsuite> <!-- Submit Order Test -->
