<?xml version="1.0" encoding="UTF-8"?>
<!-- Generated by org.testng.reporters.JUnitXMLReporter -->
<testsuite ignored="0" hostname="LTIN264372" failures="0" tests="3" name="Submit Order Test" time="163.919" errors="0" timestamp="2024-03-19T23:26:27 IST">
  <testcase classname="nandha.tests.SubmitOrderTest" name="submitOrder" time="20.021"/>
  <testcase classname="nandha.tests.SubmitOrderTest" name="submitOrder" time="25.237"/>
  <testcase classname="nandha.tests.SubmitOrderTest" name="orderHistoryTest" time="3.234"/>
</testsuite> <!-- Submit Order Test -->
