<?xml version="1.0" encoding="UTF-8"?>
<testsuite xmlns:xsi="http://www.w3.org/2001/XMLSchema-instance" xsi:noNamespaceSchemaLocation="https://maven.apache.org/surefire/maven-surefire-plugin/xsd/surefire-test-report-3.0.xsd" version="3.0" name="TestSuite" time="444.215" tests="6" errors="0" skipped="1" failures="2">
  <properties>
[...]
</properties>
  <testcase name="submitOrder[{password=N&amp;a@1999, product=ZARA COAT 3, email=nandha@gmail.com}](1)" classname="nandha.tests.SubmitOrderTest" time="20.049">
    <system-out><![CDATA[23:23:40.133 [main] DEBUG org.testng.TestNG - suiteXmlPath: "C:\Users\2055757\Selenium_Training\NewFramework\SeleniumFramework\testSuites\testng.xml"
23:23:59.566 [main] DEBUG io.netty.util.internal.logging.InternalLoggerFactory - Using SLF4J as the default logging framework
23:23:59.580 [main] DEBUG io.netty.util.ResourceLeakDetector - -Dio.netty.leakDetection.level: simple
23:23:59.580 [main] DEBUG io.netty.util.ResourceLeakDetector - -Dio.netty.leakDetection.targetRecords: 4
23:23:59.598 [main] DEBUG io.netty.util.ResourceLeakDetectorFactory - Loaded default ResourceLeakDetector: io.netty.util.ResourceLeakDetector@5ebd56e9
23:23:59.675 [main] DEBUG io.netty.util.internal.PlatformDependent0 - -Dio.netty.noUnsafe: false
23:23:59.676 [main] DEBUG io.netty.util.internal.PlatformDependent0 - Java version: 20
23:23:59.681 [main] DEBUG io.netty.util.internal.PlatformDependent0 - sun.misc.Unsafe.theUnsafe: available
23:23:59.683 [main] DEBUG io.netty.util.internal.PlatformDependent0 - sun.misc.Unsafe.copyMemory: available
23:23:59.684 [main] DEBUG io.netty.util.internal.PlatformDependent0 - sun.misc.Unsafe.storeFence: available
23:23:59.686 [main] DEBUG io.netty.util.internal.PlatformDependent0 - java.nio.Buffer.address: available
23:23:59.688 [main] DEBUG io.netty.util.internal.PlatformDependent0 - direct buffer constructor: unavailable: Reflective setAccessible(true) disabled
23:23:59.689 [main] DEBUG io.netty.util.internal.PlatformDependent0 - java.nio.Bits.unaligned: available, true
23:23:59.694 [main] DEBUG io.netty.util.internal.PlatformDependent0 - jdk.internal.misc.Unsafe.allocateUninitializedArray(int): unavailable: class io.netty.util.internal.PlatformDependent0$7 cannot access class jdk.internal.misc.Unsafe (in module java.base) because module java.base does not export jdk.internal.misc to unnamed module @4722ef0c
23:23:59.699 [main] DEBUG io.netty.util.internal.PlatformDependent0 - java.nio.DirectByteBuffer.<init>(long, {int,long}): unavailable
23:23:59.700 [main] DEBUG io.netty.util.internal.PlatformDependent - sun.misc.Unsafe: available
23:23:59.705 [main] DEBUG io.netty.util.internal.PlatformDependent - maxDirectMemory: 3741319168 bytes (maybe)
23:23:59.706 [main] DEBUG io.netty.util.internal.PlatformDependent - -Dio.netty.tmpdir: C:\Users\2055757\AppData\Local\Temp (java.io.tmpdir)
23:23:59.706 [main] DEBUG io.netty.util.internal.PlatformDependent - -Dio.netty.bitMode: 64 (sun.arch.data.model)
23:23:59.709 [main] DEBUG io.netty.util.internal.PlatformDependent - Platform: Windows
23:23:59.713 [main] DEBUG io.netty.util.internal.PlatformDependent - -Dio.netty.maxDirectMemory: -1 bytes
23:23:59.714 [main] DEBUG io.netty.util.internal.PlatformDependent - -Dio.netty.uninitializedArrayAllocationThreshold: -1
23:23:59.718 [main] DEBUG io.netty.util.internal.CleanerJava9 - java.nio.ByteBuffer.cleaner(): available
23:23:59.718 [main] DEBUG io.netty.util.internal.PlatformDependent - -Dio.netty.noPreferDirect: false
23:23:59.747 [main] DEBUG io.netty.util.internal.PlatformDependent - org.jctools-core.MpscChunkedArrayQueue: available
23:23:59.852 [main] DEBUG io.netty.util.internal.InternalThreadLocalMap - -Dio.netty.threadLocalMap.stringBuilder.initialSize: 1024
23:23:59.852 [main] DEBUG io.netty.util.internal.InternalThreadLocalMap - -Dio.netty.threadLocalMap.stringBuilder.maxSize: 4096
23:24:00.424 [main] DEBUG io.netty.handler.ssl.JdkSslContext - Default protocols (JDK): [TLSv1.3, TLSv1.2] 
23:24:00.425 [main] DEBUG io.netty.handler.ssl.JdkSslContext - Default cipher suites (JDK): [TLS_ECDHE_ECDSA_WITH_AES_256_GCM_SHA384, TLS_ECDHE_ECDSA_WITH_AES_128_GCM_SHA256, TLS_ECDHE_RSA_WITH_AES_128_GCM_SHA256, TLS_ECDHE_RSA_WITH_AES_256_GCM_SHA384, TLS_ECDHE_RSA_WITH_AES_128_CBC_SHA, TLS_ECDHE_RSA_WITH_AES_256_CBC_SHA, TLS_RSA_WITH_AES_128_GCM_SHA256, TLS_RSA_WITH_AES_128_CBC_SHA, TLS_RSA_WITH_AES_256_CBC_SHA, TLS_AES_128_GCM_SHA256, TLS_AES_256_GCM_SHA384]
23:24:00.471 [main] DEBUG io.netty.util.concurrent.GlobalEventExecutor - -Dio.netty.globalEventExecutor.quietPeriodSeconds: 1
23:24:00.525 [main] DEBUG io.netty.channel.MultithreadEventLoopGroup - -Dio.netty.eventLoopThreads: 16
23:24:00.562 [main] DEBUG io.netty.channel.nio.NioEventLoop - -Dio.netty.noKeySetOptimization: false
23:24:00.562 [main] DEBUG io.netty.channel.nio.NioEventLoop - -Dio.netty.selectorAutoRebuildThreshold: 512
23:24:00.804 [main] DEBUG io.netty.buffer.PooledByteBufAllocator - -Dio.netty.allocator.numHeapArenas: 16
23:24:00.805 [main] DEBUG io.netty.buffer.PooledByteBufAllocator - -Dio.netty.allocator.numDirectArenas: 16
23:24:00.805 [main] DEBUG io.netty.buffer.PooledByteBufAllocator - -Dio.netty.allocator.pageSize: 8192
23:24:00.805 [main] DEBUG io.netty.buffer.PooledByteBufAllocator - -Dio.netty.allocator.maxOrder: 9
23:24:00.805 [main] DEBUG io.netty.buffer.PooledByteBufAllocator - -Dio.netty.allocator.chunkSize: 4194304
23:24:00.805 [main] DEBUG io.netty.buffer.PooledByteBufAllocator - -Dio.netty.allocator.smallCacheSize: 256
23:24:00.805 [main] DEBUG io.netty.buffer.PooledByteBufAllocator - -Dio.netty.allocator.normalCacheSize: 64
23:24:00.806 [main] DEBUG io.netty.buffer.PooledByteBufAllocator - -Dio.netty.allocator.maxCachedBufferCapacity: 32768
23:24:00.806 [main] DEBUG io.netty.buffer.PooledByteBufAllocator - -Dio.netty.allocator.cacheTrimInterval: 8192
23:24:00.806 [main] DEBUG io.netty.buffer.PooledByteBufAllocator - -Dio.netty.allocator.cacheTrimIntervalMillis: 0
23:24:00.806 [main] DEBUG io.netty.buffer.PooledByteBufAllocator - -Dio.netty.allocator.useCacheForAllThreads: false
23:24:00.806 [main] DEBUG io.netty.buffer.PooledByteBufAllocator - -Dio.netty.allocator.maxCachedByteBuffersPerChunk: 1023
23:24:00.867 [main] DEBUG io.netty.buffer.ByteBufUtil - -Dio.netty.allocator.type: pooled
23:24:00.867 [main] DEBUG io.netty.buffer.ByteBufUtil - -Dio.netty.threadLocalDirectBufferSize: 0
23:24:00.867 [main] DEBUG io.netty.buffer.ByteBufUtil - -Dio.netty.maxThreadLocalCharBufferSize: 16384
23:24:03.484 [Forwarding newSession on session null to remote] DEBUG io.netty.channel.DefaultChannelId - -Dio.netty.processId: 29288 (auto-detected)
23:24:03.492 [Forwarding newSession on session null to remote] DEBUG io.netty.util.NetUtil - -Djava.net.preferIPv4Stack: false
23:24:03.492 [Forwarding newSession on session null to remote] DEBUG io.netty.util.NetUtil - -Djava.net.preferIPv6Addresses: false
23:24:03.520 [Forwarding newSession on session null to remote] DEBUG io.netty.util.NetUtilInitializations - Loopback interface: lo (Software Loopback Interface 1, 127.0.0.1)
23:24:03.524 [Forwarding newSession on session null to remote] DEBUG io.netty.util.NetUtil - Failed to get SOMAXCONN from sysctl and file \proc\sys\net\core\somaxconn. Default: 200
23:24:03.580 [Forwarding newSession on session null to remote] DEBUG io.netty.channel.DefaultChannelId - -Dio.netty.machineId: 6c:6a:77:ff:fe:3c:ee:b6 (auto-detected)
23:24:03.774 [AsyncHttpClient-1-2] DEBUG io.netty.buffer.AbstractByteBuf - -Dio.netty.buffer.checkAccessible: true
23:24:03.775 [AsyncHttpClient-1-2] DEBUG io.netty.buffer.AbstractByteBuf - -Dio.netty.buffer.checkBounds: true
23:24:03.775 [AsyncHttpClient-1-2] DEBUG io.netty.util.ResourceLeakDetectorFactory - Loaded default ResourceLeakDetector: io.netty.util.ResourceLeakDetector@4b5b01b2
23:24:03.855 [AsyncHttpClient-1-2] DEBUG org.asynchttpclient.netty.channel.NettyConnectListener - Using new Channel '[id: 0x19b93b78, L:/127.0.0.1:60616 - R:localhost/127.0.0.1:12244]' for 'POST' to '/session'
23:24:03.936 [AsyncHttpClient-1-2] DEBUG io.netty.util.Recycler - -Dio.netty.recycler.maxCapacityPerThread: 4096
23:24:03.937 [AsyncHttpClient-1-2] DEBUG io.netty.util.Recycler - -Dio.netty.recycler.ratio: 8
23:24:03.937 [AsyncHttpClient-1-2] DEBUG io.netty.util.Recycler - -Dio.netty.recycler.chunkSize: 32
23:24:03.937 [AsyncHttpClient-1-2] DEBUG io.netty.util.Recycler - -Dio.netty.recycler.blocking: false
23:24:03.937 [AsyncHttpClient-1-2] DEBUG io.netty.util.Recycler - -Dio.netty.recycler.batchFastThreadLocalOnly: true
23:24:18.581 [AsyncHttpClient-1-2] DEBUG io.netty.handler.codec.compression.Brotli - brotli4j not in the classpath; Brotli support will be unavailable.
23:24:18.582 [AsyncHttpClient-1-2] DEBUG org.asynchttpclient.netty.handler.HttpHandler - 

Request DefaultHttpRequest(decodeResult: success, version: HTTP/1.1)
POST /session HTTP/1.1
User-Agent: selenium/4.12.1 (java windows)
Content-Length: 336
Content-Type: application/json; charset=utf-8
host: localhost:12244
accept: */*

Response DefaultHttpResponse(decodeResult: success, version: HTTP/1.1)
HTTP/1.1 200 OK
Content-Length: 886
Content-Type: application/json; charset=utf-8
cache-control: no-cache

23:24:18.652 [AsyncHttpClient-1-2] DEBUG org.asynchttpclient.netty.channel.ChannelManager - Adding key: http://localhost:12244 for channel [id: 0x19b93b78, L:/127.0.0.1:60616 - R:localhost/127.0.0.1:12244]
23:24:19.092 [AsyncHttpClient-1-1] DEBUG org.asynchttpclient.netty.channel.DefaultChannelPool - Entry count for : http://localhost:12244 : 1
23:24:19.357 [AsyncHttpClient-1-3] DEBUG org.asynchttpclient.netty.channel.NettyConnectListener - Using new Channel '[id: 0xa3b58526, L:/127.0.0.1:60631 - R:localhost/127.0.0.1:60618]' for 'GET' to '/json/version'
23:24:19.393 [AsyncHttpClient-1-3] DEBUG org.asynchttpclient.netty.handler.HttpHandler - 

Request DefaultFullHttpRequest(decodeResult: success, version: HTTP/1.1, content: EmptyByteBufBE)
GET /json/version HTTP/1.1
User-Agent: selenium/4.12.1 (java windows)
host: localhost:60618
accept: */*

Response DefaultHttpResponse(decodeResult: success, version: HTTP/1.1)
HTTP/1.1 200 OK
Content-Security-Policy: frame-ancestors 'none'
Content-Length: 424
Content-Type: application/json; charset=UTF-8

23:24:19.394 [AsyncHttpClient-1-3] DEBUG org.asynchttpclient.netty.channel.ChannelManager - Adding key: http://localhost:60618 for channel [id: 0xa3b58526, L:/127.0.0.1:60631 - R:localhost/127.0.0.1:60618]
23:24:19.485 [main] DEBUG io.netty.util.internal.ThreadLocalRandom - -Dio.netty.initialSeedUniquifier: 0xa78a561355e62a9c
23:24:19.555 [AsyncHttpClient-1-4] DEBUG org.asynchttpclient.netty.channel.NettyConnectListener - Using new Channel '[id: 0xf46a58bd, L:/127.0.0.1:60632 - R:localhost/127.0.0.1:60618]' for 'GET' to '/devtools/browser/9d96e0f4-0952-4698-8bed-5159340002d0'
23:24:19.569 [AsyncHttpClient-1-4] DEBUG org.asynchttpclient.netty.handler.WebSocketHandler - 

Request DefaultFullHttpRequest(decodeResult: success, version: HTTP/1.1, content: EmptyByteBufBE)
GET /devtools/browser/9d96e0f4-0952-4698-8bed-5159340002d0 HTTP/1.1
upgrade: websocket
connection: upgrade
sec-websocket-key: efNxhWkpxA21HVhJllkOIg==
sec-websocket-version: 13
origin: http://localhost:60618
host: localhost:60618
accept: */*
user-agent: AHC/2.1

Response DefaultHttpResponse(decodeResult: success, version: HTTP/1.1)
HTTP/1.1 101 WebSocket Protocol Handshake
Upgrade: WebSocket
Connection: Upgrade
Sec-WebSocket-Accept: qruyCBtwYbo9tA7zfBgz4vjidxA=

23:24:19.914 [Forwarding setTimeout on session df1e05cabb9d5fba86965e8d536a92f9 to remote] DEBUG org.asynchttpclient.netty.request.NettyRequestSender - Using pooled Channel '[id: 0x19b93b78, L:/127.0.0.1:60616 - R:localhost/127.0.0.1:12244]' for 'POST' to 'http://localhost:12244/session/df1e05cabb9d5fba86965e8d536a92f9/timeouts'
23:24:19.914 [Forwarding setTimeout on session df1e05cabb9d5fba86965e8d536a92f9 to remote] DEBUG org.asynchttpclient.netty.request.NettyRequestSender - Using open Channel [id: 0x19b93b78, L:/127.0.0.1:60616 - R:localhost/127.0.0.1:12244] for POST '/session/df1e05cabb9d5fba86965e8d536a92f9/timeouts'
23:24:19.932 [AsyncHttpClient-1-2] DEBUG org.asynchttpclient.netty.handler.HttpHandler - 

Request DefaultHttpRequest(decodeResult: success, version: HTTP/1.1)
POST /session/df1e05cabb9d5fba86965e8d536a92f9/timeouts HTTP/1.1
User-Agent: selenium/4.12.1 (java windows)
Content-Length: 23
Content-Type: application/json; charset=utf-8
host: localhost:12244
accept: */*

Response DefaultHttpResponse(decodeResult: success, version: HTTP/1.1)
HTTP/1.1 200 OK
Content-Length: 14
Content-Type: application/json; charset=utf-8
cache-control: no-cache

23:24:19.933 [AsyncHttpClient-1-2] DEBUG org.asynchttpclient.netty.channel.ChannelManager - Adding key: http://localhost:12244 for channel [id: 0x19b93b78, L:/127.0.0.1:60616 - R:localhost/127.0.0.1:12244]
23:24:19.943 [Forwarding maximizeCurrentWindow on session df1e05cabb9d5fba86965e8d536a92f9 to remote] DEBUG org.asynchttpclient.netty.request.NettyRequestSender - Using pooled Channel '[id: 0x19b93b78, L:/127.0.0.1:60616 - R:localhost/127.0.0.1:12244]' for 'POST' to 'http://localhost:12244/session/df1e05cabb9d5fba86965e8d536a92f9/window/maximize'
23:24:19.943 [Forwarding maximizeCurrentWindow on session df1e05cabb9d5fba86965e8d536a92f9 to remote] DEBUG org.asynchttpclient.netty.request.NettyRequestSender - Using open Channel [id: 0x19b93b78, L:/127.0.0.1:60616 - R:localhost/127.0.0.1:12244] for POST '/session/df1e05cabb9d5fba86965e8d536a92f9/window/maximize'
23:24:20.185 [AsyncHttpClient-1-1] DEBUG org.asynchttpclient.netty.channel.DefaultChannelPool - Entry count for : http://localhost:60618 : 1
23:24:20.233 [AsyncHttpClient-1-2] DEBUG org.asynchttpclient.netty.handler.HttpHandler - 

Request DefaultHttpRequest(decodeResult: success, version: HTTP/1.1)
POST /session/df1e05cabb9d5fba86965e8d536a92f9/window/maximize HTTP/1.1
User-Agent: selenium/4.12.1 (java windows)
Content-Length: 3
Content-Type: application/json; charset=utf-8
host: localhost:12244
accept: */*

Response DefaultHttpResponse(decodeResult: success, version: HTTP/1.1)
HTTP/1.1 200 OK
Content-Length: 51
Content-Type: application/json; charset=utf-8
cache-control: no-cache

23:24:20.234 [AsyncHttpClient-1-2] DEBUG org.asynchttpclient.netty.channel.ChannelManager - Adding key: http://localhost:12244 for channel [id: 0x19b93b78, L:/127.0.0.1:60616 - R:localhost/127.0.0.1:12244]
23:24:20.343 [Forwarding get on session df1e05cabb9d5fba86965e8d536a92f9 to remote] DEBUG org.asynchttpclient.netty.request.NettyRequestSender - Using pooled Channel '[id: 0x19b93b78, L:/127.0.0.1:60616 - R:localhost/127.0.0.1:12244]' for 'POST' to 'http://localhost:12244/session/df1e05cabb9d5fba86965e8d536a92f9/url'
23:24:20.344 [Forwarding get on session df1e05cabb9d5fba86965e8d536a92f9 to remote] DEBUG org.asynchttpclient.netty.request.NettyRequestSender - Using open Channel [id: 0x19b93b78, L:/127.0.0.1:60616 - R:localhost/127.0.0.1:12244] for POST '/session/df1e05cabb9d5fba86965e8d536a92f9/url'
23:24:21.267 [AsyncHttpClient-1-1] DEBUG org.asynchttpclient.netty.channel.DefaultChannelPool - Entry count for : http://localhost:60618 : 1
23:24:22.395 [AsyncHttpClient-1-1] DEBUG org.asynchttpclient.netty.channel.DefaultChannelPool - Entry count for : http://localhost:60618 : 1
23:24:23.465 [AsyncHttpClient-1-1] DEBUG org.asynchttpclient.netty.channel.DefaultChannelPool - Entry count for : http://localhost:60618 : 1
23:24:24.574 [AsyncHttpClient-1-1] DEBUG org.asynchttpclient.netty.channel.DefaultChannelPool - Entry count for : http://localhost:60618 : 1
23:24:25.665 [AsyncHttpClient-1-1] DEBUG org.asynchttpclient.netty.channel.DefaultChannelPool - Entry count for : http://localhost:60618 : 1
23:24:26.768 [AsyncHttpClient-1-1] DEBUG org.asynchttpclient.netty.channel.DefaultChannelPool - Entry count for : http://localhost:60618 : 1
23:24:27.876 [AsyncHttpClient-1-1] DEBUG org.asynchttpclient.netty.channel.DefaultChannelPool - Entry count for : http://localhost:60618 : 1
23:24:28.969 [AsyncHttpClient-1-1] DEBUG org.asynchttpclient.netty.channel.DefaultChannelPool - Entry count for : http://localhost:60618 : 1
23:24:29.886 [AsyncHttpClient-1-2] DEBUG org.asynchttpclient.netty.handler.HttpHandler - 

Request DefaultHttpRequest(decodeResult: success, version: HTTP/1.1)
POST /session/df1e05cabb9d5fba86965e8d536a92f9/url HTTP/1.1
User-Agent: selenium/4.12.1 (java windows)
Content-Length: 67
Content-Type: application/json; charset=utf-8
host: localhost:12244
accept: */*

Response DefaultHttpResponse(decodeResult: success, version: HTTP/1.1)
HTTP/1.1 200 OK
Content-Length: 14
Content-Type: application/json; charset=utf-8
cache-control: no-cache

23:24:29.888 [AsyncHttpClient-1-2] DEBUG org.asynchttpclient.netty.channel.ChannelManager - Adding key: http://localhost:12244 for channel [id: 0x19b93b78, L:/127.0.0.1:60616 - R:localhost/127.0.0.1:12244]
23:24:29.936 [Forwarding findElement on session df1e05cabb9d5fba86965e8d536a92f9 to remote] DEBUG org.asynchttpclient.netty.request.NettyRequestSender - Using pooled Channel '[id: 0x19b93b78, L:/127.0.0.1:60616 - R:localhost/127.0.0.1:12244]' for 'POST' to 'http://localhost:12244/session/df1e05cabb9d5fba86965e8d536a92f9/element'
23:24:29.936 [Forwarding findElement on session df1e05cabb9d5fba86965e8d536a92f9 to remote] DEBUG org.asynchttpclient.netty.request.NettyRequestSender - Using open Channel [id: 0x19b93b78, L:/127.0.0.1:60616 - R:localhost/127.0.0.1:12244] for POST '/session/df1e05cabb9d5fba86965e8d536a92f9/element'
23:24:30.000 [AsyncHttpClient-1-2] DEBUG org.asynchttpclient.netty.handler.HttpHandler - 

Request DefaultHttpRequest(decodeResult: success, version: HTTP/1.1)
POST /session/df1e05cabb9d5fba86965e8d536a92f9/element HTTP/1.1
User-Agent: selenium/4.12.1 (java windows)
Content-Length: 54
Content-Type: application/json; charset=utf-8
host: localhost:12244
accept: */*

Response DefaultHttpResponse(decodeResult: success, version: HTTP/1.1)
HTTP/1.1 200 OK
Content-Length: 94
Content-Type: application/json; charset=utf-8
cache-control: no-cache

23:24:30.001 [AsyncHttpClient-1-2] DEBUG org.asynchttpclient.netty.channel.ChannelManager - Adding key: http://localhost:12244 for channel [id: 0x19b93b78, L:/127.0.0.1:60616 - R:localhost/127.0.0.1:12244]
23:24:30.023 [Forwarding sendKeysToElement on session df1e05cabb9d5fba86965e8d536a92f9 to remote] DEBUG org.asynchttpclient.netty.request.NettyRequestSender - Using pooled Channel '[id: 0x19b93b78, L:/127.0.0.1:60616 - R:localhost/127.0.0.1:12244]' for 'POST' to 'http://localhost:12244/session/df1e05cabb9d5fba86965e8d536a92f9/element/2ACB7F701A714D628987898BA0457A84_element_9/value'
23:24:30.023 [Forwarding sendKeysToElement on session df1e05cabb9d5fba86965e8d536a92f9 to remote] DEBUG org.asynchttpclient.netty.request.NettyRequestSender - Using open Channel [id: 0x19b93b78, L:/127.0.0.1:60616 - R:localhost/127.0.0.1:12244] for POST '/session/df1e05cabb9d5fba86965e8d536a92f9/element/2ACB7F701A714D628987898BA0457A84_element_9/value'
23:24:30.067 [AsyncHttpClient-1-1] DEBUG org.asynchttpclient.netty.channel.DefaultChannelPool - Entry count for : http://localhost:60618 : 1
23:24:30.304 [AsyncHttpClient-1-2] DEBUG org.asynchttpclient.netty.handler.HttpHandler - 

Request DefaultHttpRequest(decodeResult: success, version: HTTP/1.1)
POST /session/df1e05cabb9d5fba86965e8d536a92f9/element/2ACB7F701A714D628987898BA0457A84_element_9/value HTTP/1.1
User-Agent: selenium/4.12.1 (java windows)
Content-Length: 247
Content-Type: application/json; charset=utf-8
host: localhost:12244
accept: */*

Response DefaultHttpResponse(decodeResult: success, version: HTTP/1.1)
HTTP/1.1 200 OK
Content-Length: 14
Content-Type: application/json; charset=utf-8
cache-control: no-cache

23:24:30.305 [AsyncHttpClient-1-2] DEBUG org.asynchttpclient.netty.channel.ChannelManager - Adding key: http://localhost:12244 for channel [id: 0x19b93b78, L:/127.0.0.1:60616 - R:localhost/127.0.0.1:12244]
23:24:30.309 [Forwarding findElement on session df1e05cabb9d5fba86965e8d536a92f9 to remote] DEBUG org.asynchttpclient.netty.request.NettyRequestSender - Using pooled Channel '[id: 0x19b93b78, L:/127.0.0.1:60616 - R:localhost/127.0.0.1:12244]' for 'POST' to 'http://localhost:12244/session/df1e05cabb9d5fba86965e8d536a92f9/element'
23:24:30.310 [Forwarding findElement on session df1e05cabb9d5fba86965e8d536a92f9 to remote] DEBUG org.asynchttpclient.netty.request.NettyRequestSender - Using open Channel [id: 0x19b93b78, L:/127.0.0.1:60616 - R:localhost/127.0.0.1:12244] for POST '/session/df1e05cabb9d5fba86965e8d536a92f9/element'
23:24:30.375 [AsyncHttpClient-1-2] DEBUG org.asynchttpclient.netty.handler.HttpHandler - 

Request DefaultHttpRequest(decodeResult: success, version: HTTP/1.1)
POST /session/df1e05cabb9d5fba86965e8d536a92f9/element HTTP/1.1
User-Agent: selenium/4.12.1 (java windows)
Content-Length: 57
Content-Type: application/json; charset=utf-8
host: localhost:12244
accept: */*

Response DefaultHttpResponse(decodeResult: success, version: HTTP/1.1)
HTTP/1.1 200 OK
Content-Length: 94
Content-Type: application/json; charset=utf-8
cache-control: no-cache

23:24:30.376 [AsyncHttpClient-1-2] DEBUG org.asynchttpclient.netty.channel.ChannelManager - Adding key: http://localhost:12244 for channel [id: 0x19b93b78, L:/127.0.0.1:60616 - R:localhost/127.0.0.1:12244]
23:24:30.382 [Forwarding sendKeysToElement on session df1e05cabb9d5fba86965e8d536a92f9 to remote] DEBUG org.asynchttpclient.netty.request.NettyRequestSender - Using pooled Channel '[id: 0x19b93b78, L:/127.0.0.1:60616 - R:localhost/127.0.0.1:12244]' for 'POST' to 'http://localhost:12244/session/df1e05cabb9d5fba86965e8d536a92f9/element/2ACB7F701A714D628987898BA0457A84_element_5/value'
23:24:30.383 [Forwarding sendKeysToElement on session df1e05cabb9d5fba86965e8d536a92f9 to remote] DEBUG org.asynchttpclient.netty.request.NettyRequestSender - Using open Channel [id: 0x19b93b78, L:/127.0.0.1:60616 - R:localhost/127.0.0.1:12244] for POST '/session/df1e05cabb9d5fba86965e8d536a92f9/element/2ACB7F701A714D628987898BA0457A84_element_5/value'
23:24:30.614 [AsyncHttpClient-1-2] DEBUG org.asynchttpclient.netty.handler.HttpHandler - 

Request DefaultHttpRequest(decodeResult: success, version: HTTP/1.1)
POST /session/df1e05cabb9d5fba86965e8d536a92f9/element/2ACB7F701A714D628987898BA0457A84_element_5/value HTTP/1.1
User-Agent: selenium/4.12.1 (java windows)
Content-Length: 177
Content-Type: application/json; charset=utf-8
host: localhost:12244
accept: */*

Response DefaultHttpResponse(decodeResult: success, version: HTTP/1.1)
HTTP/1.1 200 OK
Content-Length: 14
Content-Type: application/json; charset=utf-8
cache-control: no-cache

23:24:30.615 [AsyncHttpClient-1-2] DEBUG org.asynchttpclient.netty.channel.ChannelManager - Adding key: http://localhost:12244 for channel [id: 0x19b93b78, L:/127.0.0.1:60616 - R:localhost/127.0.0.1:12244]
23:24:30.621 [Forwarding findElement on session df1e05cabb9d5fba86965e8d536a92f9 to remote] DEBUG org.asynchttpclient.netty.request.NettyRequestSender - Using pooled Channel '[id: 0x19b93b78, L:/127.0.0.1:60616 - R:localhost/127.0.0.1:12244]' for 'POST' to 'http://localhost:12244/session/df1e05cabb9d5fba86965e8d536a92f9/element'
23:24:30.622 [Forwarding findElement on session df1e05cabb9d5fba86965e8d536a92f9 to remote] DEBUG org.asynchttpclient.netty.request.NettyRequestSender - Using open Channel [id: 0x19b93b78, L:/127.0.0.1:60616 - R:localhost/127.0.0.1:12244] for POST '/session/df1e05cabb9d5fba86965e8d536a92f9/element'
23:24:30.671 [AsyncHttpClient-1-2] DEBUG org.asynchttpclient.netty.handler.HttpHandler - 

Request DefaultHttpRequest(decodeResult: success, version: HTTP/1.1)
POST /session/df1e05cabb9d5fba86965e8d536a92f9/element HTTP/1.1
User-Agent: selenium/4.12.1 (java windows)
Content-Length: 50
Content-Type: application/json; charset=utf-8
host: localhost:12244
accept: */*

Response DefaultHttpResponse(decodeResult: success, version: HTTP/1.1)
HTTP/1.1 200 OK
Content-Length: 95
Content-Type: application/json; charset=utf-8
cache-control: no-cache

23:24:30.672 [AsyncHttpClient-1-2] DEBUG org.asynchttpclient.netty.channel.ChannelManager - Adding key: http://localhost:12244 for channel [id: 0x19b93b78, L:/127.0.0.1:60616 - R:localhost/127.0.0.1:12244]
23:24:30.680 [Forwarding clickElement on session df1e05cabb9d5fba86965e8d536a92f9 to remote] DEBUG org.asynchttpclient.netty.request.NettyRequestSender - Using pooled Channel '[id: 0x19b93b78, L:/127.0.0.1:60616 - R:localhost/127.0.0.1:12244]' for 'POST' to 'http://localhost:12244/session/df1e05cabb9d5fba86965e8d536a92f9/element/2ACB7F701A714D628987898BA0457A84_element_12/click'
23:24:30.680 [Forwarding clickElement on session df1e05cabb9d5fba86965e8d536a92f9 to remote] DEBUG org.asynchttpclient.netty.request.NettyRequestSender - Using open Channel [id: 0x19b93b78, L:/127.0.0.1:60616 - R:localhost/127.0.0.1:12244] for POST '/session/df1e05cabb9d5fba86965e8d536a92f9/element/2ACB7F701A714D628987898BA0457A84_element_12/click'
23:24:30.893 [AsyncHttpClient-1-2] DEBUG org.asynchttpclient.netty.handler.HttpHandler - 

Request DefaultHttpRequest(decodeResult: success, version: HTTP/1.1)
POST /session/df1e05cabb9d5fba86965e8d536a92f9/element/2ACB7F701A714D628987898BA0457A84_element_12/click HTTP/1.1
User-Agent: selenium/4.12.1 (java windows)
Content-Length: 57
Content-Type: application/json; charset=utf-8
host: localhost:12244
accept: */*

Response DefaultHttpResponse(decodeResult: success, version: HTTP/1.1)
HTTP/1.1 200 OK
Content-Length: 14
Content-Type: application/json; charset=utf-8
cache-control: no-cache

23:24:30.895 [AsyncHttpClient-1-2] DEBUG org.asynchttpclient.netty.channel.ChannelManager - Adding key: http://localhost:12244 for channel [id: 0x19b93b78, L:/127.0.0.1:60616 - R:localhost/127.0.0.1:12244]
23:24:30.949 [Forwarding findElement on session df1e05cabb9d5fba86965e8d536a92f9 to remote] DEBUG org.asynchttpclient.netty.request.NettyRequestSender - Using pooled Channel '[id: 0x19b93b78, L:/127.0.0.1:60616 - R:localhost/127.0.0.1:12244]' for 'POST' to 'http://localhost:12244/session/df1e05cabb9d5fba86965e8d536a92f9/element'
23:24:30.950 [Forwarding findElement on session df1e05cabb9d5fba86965e8d536a92f9 to remote] DEBUG org.asynchttpclient.netty.request.NettyRequestSender - Using open Channel [id: 0x19b93b78, L:/127.0.0.1:60616 - R:localhost/127.0.0.1:12244] for POST '/session/df1e05cabb9d5fba86965e8d536a92f9/element'
23:24:31.169 [AsyncHttpClient-1-1] DEBUG org.asynchttpclient.netty.channel.DefaultChannelPool - Entry count for : http://localhost:60618 : 1
23:24:31.772 [AsyncHttpClient-1-2] DEBUG org.asynchttpclient.netty.handler.HttpHandler - 

Request DefaultHttpRequest(decodeResult: success, version: HTTP/1.1)
POST /session/df1e05cabb9d5fba86965e8d536a92f9/element HTTP/1.1
User-Agent: selenium/4.12.1 (java windows)
Content-Length: 49
Content-Type: application/json; charset=utf-8
host: localhost:12244
accept: */*

Response DefaultHttpResponse(decodeResult: success, version: HTTP/1.1)
HTTP/1.1 200 OK
Content-Length: 95
Content-Type: application/json; charset=utf-8
cache-control: no-cache

23:24:31.773 [AsyncHttpClient-1-2] DEBUG org.asynchttpclient.netty.channel.ChannelManager - Adding key: http://localhost:12244 for channel [id: 0x19b93b78, L:/127.0.0.1:60616 - R:localhost/127.0.0.1:12244]
23:24:31.810 [Forwarding isElementDisplayed on session df1e05cabb9d5fba86965e8d536a92f9 to remote] DEBUG org.asynchttpclient.netty.request.NettyRequestSender - Using pooled Channel '[id: 0x19b93b78, L:/127.0.0.1:60616 - R:localhost/127.0.0.1:12244]' for 'POST' to 'http://localhost:12244/session/df1e05cabb9d5fba86965e8d536a92f9/execute/sync'
23:24:31.810 [Forwarding isElementDisplayed on session df1e05cabb9d5fba86965e8d536a92f9 to remote] DEBUG org.asynchttpclient.netty.request.NettyRequestSender - Using open Channel [id: 0x19b93b78, L:/127.0.0.1:60616 - R:localhost/127.0.0.1:12244] for POST '/session/df1e05cabb9d5fba86965e8d536a92f9/execute/sync'
23:24:31.868 [AsyncHttpClient-1-2] DEBUG org.asynchttpclient.netty.handler.HttpHandler - 

Request DefaultHttpRequest(decodeResult: success, version: HTTP/1.1)
POST /session/df1e05cabb9d5fba86965e8d536a92f9/execute/sync HTTP/1.1
User-Agent: selenium/4.12.1 (java windows)
Content-Length: 48703
Content-Type: application/json; charset=utf-8
host: localhost:12244
accept: */*

Response DefaultHttpResponse(decodeResult: success, version: HTTP/1.1)
HTTP/1.1 200 OK
Content-Length: 14
Content-Type: application/json; charset=utf-8
cache-control: no-cache

23:24:31.870 [AsyncHttpClient-1-2] DEBUG org.asynchttpclient.netty.channel.ChannelManager - Adding key: http://localhost:12244 for channel [id: 0x19b93b78, L:/127.0.0.1:60616 - R:localhost/127.0.0.1:12244]
23:24:31.875 [Forwarding findElements on session df1e05cabb9d5fba86965e8d536a92f9 to remote] DEBUG org.asynchttpclient.netty.request.NettyRequestSender - Using pooled Channel '[id: 0x19b93b78, L:/127.0.0.1:60616 - R:localhost/127.0.0.1:12244]' for 'POST' to 'http://localhost:12244/session/df1e05cabb9d5fba86965e8d536a92f9/elements'
23:24:31.875 [Forwarding findElements on session df1e05cabb9d5fba86965e8d536a92f9 to remote] DEBUG org.asynchttpclient.netty.request.NettyRequestSender - Using open Channel [id: 0x19b93b78, L:/127.0.0.1:60616 - R:localhost/127.0.0.1:12244] for POST '/session/df1e05cabb9d5fba86965e8d536a92f9/elements'
23:24:31.939 [AsyncHttpClient-1-2] DEBUG org.asynchttpclient.netty.handler.HttpHandler - 

Request DefaultHttpRequest(decodeResult: success, version: HTTP/1.1)
POST /session/df1e05cabb9d5fba86965e8d536a92f9/elements HTTP/1.1
User-Agent: selenium/4.12.1 (java windows)
Content-Length: 49
Content-Type: application/json; charset=utf-8
host: localhost:12244
accept: */*

Response DefaultHttpResponse(decodeResult: success, version: HTTP/1.1)
HTTP/1.1 200 OK
Content-Length: 269
Content-Type: application/json; charset=utf-8
cache-control: no-cache

23:24:31.939 [AsyncHttpClient-1-2] DEBUG org.asynchttpclient.netty.channel.ChannelManager - Adding key: http://localhost:12244 for channel [id: 0x19b93b78, L:/127.0.0.1:60616 - R:localhost/127.0.0.1:12244]
23:24:31.965 [Forwarding findChildElement on session df1e05cabb9d5fba86965e8d536a92f9 to remote] DEBUG org.asynchttpclient.netty.request.NettyRequestSender - Using pooled Channel '[id: 0x19b93b78, L:/127.0.0.1:60616 - R:localhost/127.0.0.1:12244]' for 'POST' to 'http://localhost:12244/session/df1e05cabb9d5fba86965e8d536a92f9/element/2ACB7F701A714D628987898BA0457A84_element_60/element'
23:24:31.966 [Forwarding findChildElement on session df1e05cabb9d5fba86965e8d536a92f9 to remote] DEBUG org.asynchttpclient.netty.request.NettyRequestSender - Using open Channel [id: 0x19b93b78, L:/127.0.0.1:60616 - R:localhost/127.0.0.1:12244] for POST '/session/df1e05cabb9d5fba86965e8d536a92f9/element/2ACB7F701A714D628987898BA0457A84_element_60/element'
23:24:32.014 [AsyncHttpClient-1-2] DEBUG org.asynchttpclient.netty.handler.HttpHandler - 

Request DefaultHttpRequest(decodeResult: success, version: HTTP/1.1)
POST /session/df1e05cabb9d5fba86965e8d536a92f9/element/2ACB7F701A714D628987898BA0457A84_element_60/element HTTP/1.1
User-Agent: selenium/4.12.1 (java windows)
Content-Length: 100
Content-Type: application/json; charset=utf-8
host: localhost:12244
accept: */*

Response DefaultHttpResponse(decodeResult: success, version: HTTP/1.1)
HTTP/1.1 200 OK
Content-Length: 95
Content-Type: application/json; charset=utf-8
cache-control: no-cache

23:24:32.015 [AsyncHttpClient-1-2] DEBUG org.asynchttpclient.netty.channel.ChannelManager - Adding key: http://localhost:12244 for channel [id: 0x19b93b78, L:/127.0.0.1:60616 - R:localhost/127.0.0.1:12244]
23:24:32.021 [Forwarding getElementText on session df1e05cabb9d5fba86965e8d536a92f9 to remote] DEBUG org.asynchttpclient.netty.request.NettyRequestSender - Using pooled Channel '[id: 0x19b93b78, L:/127.0.0.1:60616 - R:localhost/127.0.0.1:12244]' for 'GET' to 'http://localhost:12244/session/df1e05cabb9d5fba86965e8d536a92f9/element/2ACB7F701A714D628987898BA0457A84_element_63/text'
23:24:32.021 [Forwarding getElementText on session df1e05cabb9d5fba86965e8d536a92f9 to remote] DEBUG org.asynchttpclient.netty.request.NettyRequestSender - Using open Channel [id: 0x19b93b78, L:/127.0.0.1:60616 - R:localhost/127.0.0.1:12244] for GET '/session/df1e05cabb9d5fba86965e8d536a92f9/element/2ACB7F701A714D628987898BA0457A84_element_63/text'
23:24:32.073 [AsyncHttpClient-1-2] DEBUG org.asynchttpclient.netty.handler.HttpHandler - 

Request DefaultFullHttpRequest(decodeResult: success, version: HTTP/1.1, content: EmptyByteBufBE)
GET /session/df1e05cabb9d5fba86965e8d536a92f9/element/2ACB7F701A714D628987898BA0457A84_element_63/text HTTP/1.1
Cache-Control: no-cache
User-Agent: selenium/4.12.1 (java windows)
Content-Type: application/json; charset=utf-8
host: localhost:12244
accept: */*

Response DefaultHttpResponse(decodeResult: success, version: HTTP/1.1)
HTTP/1.1 200 OK
Content-Length: 23
Content-Type: application/json; charset=utf-8
cache-control: no-cache

23:24:32.074 [AsyncHttpClient-1-2] DEBUG org.asynchttpclient.netty.channel.ChannelManager - Adding key: http://localhost:12244 for channel [id: 0x19b93b78, L:/127.0.0.1:60616 - R:localhost/127.0.0.1:12244]
23:24:32.078 [Forwarding findChildElement on session df1e05cabb9d5fba86965e8d536a92f9 to remote] DEBUG org.asynchttpclient.netty.request.NettyRequestSender - Using pooled Channel '[id: 0x19b93b78, L:/127.0.0.1:60616 - R:localhost/127.0.0.1:12244]' for 'POST' to 'http://localhost:12244/session/df1e05cabb9d5fba86965e8d536a92f9/element/2ACB7F701A714D628987898BA0457A84_element_60/element'
23:24:32.078 [Forwarding findChildElement on session df1e05cabb9d5fba86965e8d536a92f9 to remote] DEBUG org.asynchttpclient.netty.request.NettyRequestSender - Using open Channel [id: 0x19b93b78, L:/127.0.0.1:60616 - R:localhost/127.0.0.1:12244] for POST '/session/df1e05cabb9d5fba86965e8d536a92f9/element/2ACB7F701A714D628987898BA0457A84_element_60/element'
23:24:32.119 [AsyncHttpClient-1-2] DEBUG org.asynchttpclient.netty.handler.HttpHandler - 

Request DefaultHttpRequest(decodeResult: success, version: HTTP/1.1)
POST /session/df1e05cabb9d5fba86965e8d536a92f9/element/2ACB7F701A714D628987898BA0457A84_element_60/element HTTP/1.1
User-Agent: selenium/4.12.1 (java windows)
Content-Length: 129
Content-Type: application/json; charset=utf-8
host: localhost:12244
accept: */*

Response DefaultHttpResponse(decodeResult: success, version: HTTP/1.1)
HTTP/1.1 200 OK
Content-Length: 95
Content-Type: application/json; charset=utf-8
cache-control: no-cache

23:24:32.120 [AsyncHttpClient-1-2] DEBUG org.asynchttpclient.netty.channel.ChannelManager - Adding key: http://localhost:12244 for channel [id: 0x19b93b78, L:/127.0.0.1:60616 - R:localhost/127.0.0.1:12244]
23:24:32.124 [Forwarding clickElement on session df1e05cabb9d5fba86965e8d536a92f9 to remote] DEBUG org.asynchttpclient.netty.request.NettyRequestSender - Using pooled Channel '[id: 0x19b93b78, L:/127.0.0.1:60616 - R:localhost/127.0.0.1:12244]' for 'POST' to 'http://localhost:12244/session/df1e05cabb9d5fba86965e8d536a92f9/element/2ACB7F701A714D628987898BA0457A84_element_64/click'
23:24:32.124 [Forwarding clickElement on session df1e05cabb9d5fba86965e8d536a92f9 to remote] DEBUG org.asynchttpclient.netty.request.NettyRequestSender - Using open Channel [id: 0x19b93b78, L:/127.0.0.1:60616 - R:localhost/127.0.0.1:12244] for POST '/session/df1e05cabb9d5fba86965e8d536a92f9/element/2ACB7F701A714D628987898BA0457A84_element_64/click'
23:24:32.278 [AsyncHttpClient-1-1] DEBUG org.asynchttpclient.netty.channel.DefaultChannelPool - Entry count for : http://localhost:60618 : 1
23:24:32.292 [AsyncHttpClient-1-2] DEBUG org.asynchttpclient.netty.handler.HttpHandler - 

Request DefaultHttpRequest(decodeResult: success, version: HTTP/1.1)
POST /session/df1e05cabb9d5fba86965e8d536a92f9/element/2ACB7F701A714D628987898BA0457A84_element_64/click HTTP/1.1
User-Agent: selenium/4.12.1 (java windows)
Content-Length: 57
Content-Type: application/json; charset=utf-8
host: localhost:12244
accept: */*

Response DefaultHttpResponse(decodeResult: success, version: HTTP/1.1)
HTTP/1.1 200 OK
Content-Length: 14
Content-Type: application/json; charset=utf-8
cache-control: no-cache

23:24:32.293 [AsyncHttpClient-1-2] DEBUG org.asynchttpclient.netty.channel.ChannelManager - Adding key: http://localhost:12244 for channel [id: 0x19b93b78, L:/127.0.0.1:60616 - R:localhost/127.0.0.1:12244]
23:24:32.299 [Forwarding findElement on session df1e05cabb9d5fba86965e8d536a92f9 to remote] DEBUG org.asynchttpclient.netty.request.NettyRequestSender - Using pooled Channel '[id: 0x19b93b78, L:/127.0.0.1:60616 - R:localhost/127.0.0.1:12244]' for 'POST' to 'http://localhost:12244/session/df1e05cabb9d5fba86965e8d536a92f9/element'
23:24:32.299 [Forwarding findElement on session df1e05cabb9d5fba86965e8d536a92f9 to remote] DEBUG org.asynchttpclient.netty.request.NettyRequestSender - Using open Channel [id: 0x19b93b78, L:/127.0.0.1:60616 - R:localhost/127.0.0.1:12244] for POST '/session/df1e05cabb9d5fba86965e8d536a92f9/element'
23:24:32.349 [AsyncHttpClient-1-2] DEBUG org.asynchttpclient.netty.handler.HttpHandler - 

Request DefaultHttpRequest(decodeResult: success, version: HTTP/1.1)
POST /session/df1e05cabb9d5fba86965e8d536a92f9/element HTTP/1.1
User-Agent: selenium/4.12.1 (java windows)
Content-Length: 60
Content-Type: application/json; charset=utf-8
host: localhost:12244
accept: */*

Response DefaultHttpResponse(decodeResult: success, version: HTTP/1.1)
HTTP/1.1 200 OK
Content-Length: 95
Content-Type: application/json; charset=utf-8
cache-control: no-cache

23:24:32.350 [AsyncHttpClient-1-2] DEBUG org.asynchttpclient.netty.channel.ChannelManager - Adding key: http://localhost:12244 for channel [id: 0x19b93b78, L:/127.0.0.1:60616 - R:localhost/127.0.0.1:12244]
23:24:32.360 [Forwarding isElementDisplayed on session df1e05cabb9d5fba86965e8d536a92f9 to remote] DEBUG org.asynchttpclient.netty.request.NettyRequestSender - Using pooled Channel '[id: 0x19b93b78, L:/127.0.0.1:60616 - R:localhost/127.0.0.1:12244]' for 'POST' to 'http://localhost:12244/session/df1e05cabb9d5fba86965e8d536a92f9/execute/sync'
23:24:32.360 [Forwarding isElementDisplayed on session df1e05cabb9d5fba86965e8d536a92f9 to remote] DEBUG org.asynchttpclient.netty.request.NettyRequestSender - Using open Channel [id: 0x19b93b78, L:/127.0.0.1:60616 - R:localhost/127.0.0.1:12244] for POST '/session/df1e05cabb9d5fba86965e8d536a92f9/execute/sync'
23:24:32.433 [AsyncHttpClient-1-2] DEBUG org.asynchttpclient.netty.handler.HttpHandler - 

Request DefaultHttpRequest(decodeResult: success, version: HTTP/1.1)
POST /session/df1e05cabb9d5fba86965e8d536a92f9/execute/sync HTTP/1.1
User-Agent: selenium/4.12.1 (java windows)
Content-Length: 48703
Content-Type: application/json; charset=utf-8
host: localhost:12244
accept: */*

Response DefaultHttpResponse(decodeResult: success, version: HTTP/1.1)
HTTP/1.1 200 OK
Content-Length: 14
Content-Type: application/json; charset=utf-8
cache-control: no-cache

23:24:32.434 [AsyncHttpClient-1-2] DEBUG org.asynchttpclient.netty.channel.ChannelManager - Adding key: http://localhost:12244 for channel [id: 0x19b93b78, L:/127.0.0.1:60616 - R:localhost/127.0.0.1:12244]
23:24:32.443 [Forwarding findElement on session df1e05cabb9d5fba86965e8d536a92f9 to remote] DEBUG org.asynchttpclient.netty.request.NettyRequestSender - Using pooled Channel '[id: 0x19b93b78, L:/127.0.0.1:60616 - R:localhost/127.0.0.1:12244]' for 'POST' to 'http://localhost:12244/session/df1e05cabb9d5fba86965e8d536a92f9/element'
23:24:32.443 [Forwarding findElement on session df1e05cabb9d5fba86965e8d536a92f9 to remote] DEBUG org.asynchttpclient.netty.request.NettyRequestSender - Using open Channel [id: 0x19b93b78, L:/127.0.0.1:60616 - R:localhost/127.0.0.1:12244] for POST '/session/df1e05cabb9d5fba86965e8d536a92f9/element'
23:24:32.484 [AsyncHttpClient-1-2] DEBUG org.asynchttpclient.netty.handler.HttpHandler - 

Request DefaultHttpRequest(decodeResult: success, version: HTTP/1.1)
POST /session/df1e05cabb9d5fba86965e8d536a92f9/element HTTP/1.1
User-Agent: selenium/4.12.1 (java windows)
Content-Length: 57
Content-Type: application/json; charset=utf-8
host: localhost:12244
accept: */*

Response DefaultHttpResponse(decodeResult: success, version: HTTP/1.1)
HTTP/1.1 200 OK
Content-Length: 95
Content-Type: application/json; charset=utf-8
cache-control: no-cache

23:24:32.484 [AsyncHttpClient-1-2] DEBUG org.asynchttpclient.netty.channel.ChannelManager - Adding key: http://localhost:12244 for channel [id: 0x19b93b78, L:/127.0.0.1:60616 - R:localhost/127.0.0.1:12244]
23:24:32.495 [Forwarding isElementDisplayed on session df1e05cabb9d5fba86965e8d536a92f9 to remote] DEBUG org.asynchttpclient.netty.request.NettyRequestSender - Using pooled Channel '[id: 0x19b93b78, L:/127.0.0.1:60616 - R:localhost/127.0.0.1:12244]' for 'POST' to 'http://localhost:12244/session/df1e05cabb9d5fba86965e8d536a92f9/execute/sync'
23:24:32.495 [Forwarding isElementDisplayed on session df1e05cabb9d5fba86965e8d536a92f9 to remote] DEBUG org.asynchttpclient.netty.request.NettyRequestSender - Using open Channel [id: 0x19b93b78, L:/127.0.0.1:60616 - R:localhost/127.0.0.1:12244] for POST '/session/df1e05cabb9d5fba86965e8d536a92f9/execute/sync'
23:24:32.537 [AsyncHttpClient-1-2] DEBUG org.asynchttpclient.netty.handler.HttpHandler - 

Request DefaultHttpRequest(decodeResult: success, version: HTTP/1.1)
POST /session/df1e05cabb9d5fba86965e8d536a92f9/execute/sync HTTP/1.1
User-Agent: selenium/4.12.1 (java windows)
Content-Length: 48703
Content-Type: application/json; charset=utf-8
host: localhost:12244
accept: */*

Response DefaultHttpResponse(decodeResult: success, version: HTTP/1.1)
HTTP/1.1 200 OK
Content-Length: 14
Content-Type: application/json; charset=utf-8
cache-control: no-cache

23:24:32.538 [AsyncHttpClient-1-2] DEBUG org.asynchttpclient.netty.channel.ChannelManager - Adding key: http://localhost:12244 for channel [id: 0x19b93b78, L:/127.0.0.1:60616 - R:localhost/127.0.0.1:12244]
23:24:33.053 [Forwarding findElement on session df1e05cabb9d5fba86965e8d536a92f9 to remote] DEBUG org.asynchttpclient.netty.request.NettyRequestSender - Using pooled Channel '[id: 0x19b93b78, L:/127.0.0.1:60616 - R:localhost/127.0.0.1:12244]' for 'POST' to 'http://localhost:12244/session/df1e05cabb9d5fba86965e8d536a92f9/element'
23:24:33.054 [Forwarding findElement on session df1e05cabb9d5fba86965e8d536a92f9 to remote] DEBUG org.asynchttpclient.netty.request.NettyRequestSender - Using open Channel [id: 0x19b93b78, L:/127.0.0.1:60616 - R:localhost/127.0.0.1:12244] for POST '/session/df1e05cabb9d5fba86965e8d536a92f9/element'
23:24:33.366 [AsyncHttpClient-1-1] DEBUG org.asynchttpclient.netty.channel.DefaultChannelPool - Entry count for : http://localhost:60618 : 1
23:24:33.480 [AsyncHttpClient-1-2] DEBUG org.asynchttpclient.netty.handler.HttpHandler - 

Request DefaultHttpRequest(decodeResult: success, version: HTTP/1.1)
POST /session/df1e05cabb9d5fba86965e8d536a92f9/element HTTP/1.1
User-Agent: selenium/4.12.1 (java windows)
Content-Length: 57
Content-Type: application/json; charset=utf-8
host: localhost:12244
accept: */*

Response DefaultHttpResponse(decodeResult: success, version: HTTP/1.1)
HTTP/1.1 200 OK
Content-Length: 95
Content-Type: application/json; charset=utf-8
cache-control: no-cache

23:24:33.480 [AsyncHttpClient-1-2] DEBUG org.asynchttpclient.netty.channel.ChannelManager - Adding key: http://localhost:12244 for channel [id: 0x19b93b78, L:/127.0.0.1:60616 - R:localhost/127.0.0.1:12244]
23:24:33.484 [Forwarding isElementDisplayed on session df1e05cabb9d5fba86965e8d536a92f9 to remote] DEBUG org.asynchttpclient.netty.request.NettyRequestSender - Using pooled Channel '[id: 0x19b93b78, L:/127.0.0.1:60616 - R:localhost/127.0.0.1:12244]' for 'POST' to 'http://localhost:12244/session/df1e05cabb9d5fba86965e8d536a92f9/execute/sync'
23:24:33.485 [Forwarding isElementDisplayed on session df1e05cabb9d5fba86965e8d536a92f9 to remote] DEBUG org.asynchttpclient.netty.request.NettyRequestSender - Using open Channel [id: 0x19b93b78, L:/127.0.0.1:60616 - R:localhost/127.0.0.1:12244] for POST '/session/df1e05cabb9d5fba86965e8d536a92f9/execute/sync'
23:24:33.522 [AsyncHttpClient-1-2] DEBUG org.asynchttpclient.netty.handler.HttpHandler - 

Request DefaultHttpRequest(decodeResult: success, version: HTTP/1.1)
POST /session/df1e05cabb9d5fba86965e8d536a92f9/execute/sync HTTP/1.1
User-Agent: selenium/4.12.1 (java windows)
Content-Length: 48703
Content-Type: application/json; charset=utf-8
host: localhost:12244
accept: */*

Response DefaultHttpResponse(decodeResult: success, version: HTTP/1.1)
HTTP/1.1 200 OK
Content-Length: 14
Content-Type: application/json; charset=utf-8
cache-control: no-cache

23:24:33.522 [AsyncHttpClient-1-2] DEBUG org.asynchttpclient.netty.channel.ChannelManager - Adding key: http://localhost:12244 for channel [id: 0x19b93b78, L:/127.0.0.1:60616 - R:localhost/127.0.0.1:12244]
23:24:34.030 [Forwarding findElement on session df1e05cabb9d5fba86965e8d536a92f9 to remote] DEBUG org.asynchttpclient.netty.request.NettyRequestSender - Using pooled Channel '[id: 0x19b93b78, L:/127.0.0.1:60616 - R:localhost/127.0.0.1:12244]' for 'POST' to 'http://localhost:12244/session/df1e05cabb9d5fba86965e8d536a92f9/element'
23:24:34.030 [Forwarding findElement on session df1e05cabb9d5fba86965e8d536a92f9 to remote] DEBUG org.asynchttpclient.netty.request.NettyRequestSender - Using open Channel [id: 0x19b93b78, L:/127.0.0.1:60616 - R:localhost/127.0.0.1:12244] for POST '/session/df1e05cabb9d5fba86965e8d536a92f9/element'
23:24:34.470 [AsyncHttpClient-1-1] DEBUG org.asynchttpclient.netty.channel.DefaultChannelPool - Entry count for : http://localhost:60618 : 1
23:24:34.507 [AsyncHttpClient-1-2] DEBUG org.asynchttpclient.netty.handler.HttpHandler - 

Request DefaultHttpRequest(decodeResult: success, version: HTTP/1.1)
POST /session/df1e05cabb9d5fba86965e8d536a92f9/element HTTP/1.1
User-Agent: selenium/4.12.1 (java windows)
Content-Length: 57
Content-Type: application/json; charset=utf-8
host: localhost:12244
accept: */*

Response DefaultHttpResponse(decodeResult: success, version: HTTP/1.1)
HTTP/1.1 200 OK
Content-Length: 95
Content-Type: application/json; charset=utf-8
cache-control: no-cache

23:24:34.507 [AsyncHttpClient-1-2] DEBUG org.asynchttpclient.netty.channel.ChannelManager - Adding key: http://localhost:12244 for channel [id: 0x19b93b78, L:/127.0.0.1:60616 - R:localhost/127.0.0.1:12244]
23:24:34.512 [Forwarding isElementDisplayed on session df1e05cabb9d5fba86965e8d536a92f9 to remote] DEBUG org.asynchttpclient.netty.request.NettyRequestSender - Using pooled Channel '[id: 0x19b93b78, L:/127.0.0.1:60616 - R:localhost/127.0.0.1:12244]' for 'POST' to 'http://localhost:12244/session/df1e05cabb9d5fba86965e8d536a92f9/execute/sync'
23:24:34.512 [Forwarding isElementDisplayed on session df1e05cabb9d5fba86965e8d536a92f9 to remote] DEBUG org.asynchttpclient.netty.request.NettyRequestSender - Using open Channel [id: 0x19b93b78, L:/127.0.0.1:60616 - R:localhost/127.0.0.1:12244] for POST '/session/df1e05cabb9d5fba86965e8d536a92f9/execute/sync'
23:24:34.546 [AsyncHttpClient-1-2] DEBUG org.asynchttpclient.netty.handler.HttpHandler - 

Request DefaultHttpRequest(decodeResult: success, version: HTTP/1.1)
POST /session/df1e05cabb9d5fba86965e8d536a92f9/execute/sync HTTP/1.1
User-Agent: selenium/4.12.1 (java windows)
Content-Length: 48703
Content-Type: application/json; charset=utf-8
host: localhost:12244
accept: */*

Response DefaultHttpResponse(decodeResult: success, version: HTTP/1.1)
HTTP/1.1 200 OK
Content-Length: 14
Content-Type: application/json; charset=utf-8
cache-control: no-cache

23:24:34.547 [AsyncHttpClient-1-2] DEBUG org.asynchttpclient.netty.channel.ChannelManager - Adding key: http://localhost:12244 for channel [id: 0x19b93b78, L:/127.0.0.1:60616 - R:localhost/127.0.0.1:12244]
23:24:35.056 [Forwarding findElement on session df1e05cabb9d5fba86965e8d536a92f9 to remote] DEBUG org.asynchttpclient.netty.request.NettyRequestSender - Using pooled Channel '[id: 0x19b93b78, L:/127.0.0.1:60616 - R:localhost/127.0.0.1:12244]' for 'POST' to 'http://localhost:12244/session/df1e05cabb9d5fba86965e8d536a92f9/element'
23:24:35.056 [Forwarding findElement on session df1e05cabb9d5fba86965e8d536a92f9 to remote] DEBUG org.asynchttpclient.netty.request.NettyRequestSender - Using open Channel [id: 0x19b93b78, L:/127.0.0.1:60616 - R:localhost/127.0.0.1:12244] for POST '/session/df1e05cabb9d5fba86965e8d536a92f9/element'
23:24:35.569 [AsyncHttpClient-1-1] DEBUG org.asynchttpclient.netty.channel.DefaultChannelPool - Entry count for : http://localhost:60618 : 1
23:24:36.666 [AsyncHttpClient-1-1] DEBUG org.asynchttpclient.netty.channel.DefaultChannelPool - Entry count for : http://localhost:60618 : 1
23:24:37.767 [AsyncHttpClient-1-1] DEBUG org.asynchttpclient.netty.channel.DefaultChannelPool - Entry count for : http://localhost:60618 : 1
23:24:38.880 [AsyncHttpClient-1-1] DEBUG org.asynchttpclient.netty.channel.DefaultChannelPool - Entry count for : http://localhost:60618 : 1
23:24:39.970 [AsyncHttpClient-1-1] DEBUG org.asynchttpclient.netty.channel.DefaultChannelPool - Entry count for : http://localhost:60618 : 1
23:24:41.071 [AsyncHttpClient-1-1] DEBUG org.asynchttpclient.netty.channel.DefaultChannelPool - Entry count for : http://localhost:60618 : 1
23:24:42.175 [AsyncHttpClient-1-1] DEBUG org.asynchttpclient.netty.channel.DefaultChannelPool - Entry count for : http://localhost:60618 : 1
23:24:43.279 [AsyncHttpClient-1-1] DEBUG org.asynchttpclient.netty.channel.DefaultChannelPool - Entry count for : http://localhost:60618 : 1
23:24:44.373 [AsyncHttpClient-1-1] DEBUG org.asynchttpclient.netty.channel.DefaultChannelPool - Entry count for : http://localhost:60618 : 1
23:24:45.130 [AsyncHttpClient-1-2] DEBUG org.asynchttpclient.netty.handler.HttpHandler - 

Request DefaultHttpRequest(decodeResult: success, version: HTTP/1.1)
POST /session/df1e05cabb9d5fba86965e8d536a92f9/element HTTP/1.1
User-Agent: selenium/4.12.1 (java windows)
Content-Length: 57
Content-Type: application/json; charset=utf-8
host: localhost:12244
accept: */*

Response DefaultHttpResponse(decodeResult: success, version: HTTP/1.1)
HTTP/1.1 404 Not Found
Content-Length: 1056
Content-Type: application/json; charset=utf-8
cache-control: no-cache

23:24:45.132 [AsyncHttpClient-1-2] DEBUG org.asynchttpclient.netty.channel.ChannelManager - Adding key: http://localhost:12244 for channel [id: 0x19b93b78, L:/127.0.0.1:60616 - R:localhost/127.0.0.1:12244]
23:24:45.171 [Forwarding findElement on session df1e05cabb9d5fba86965e8d536a92f9 to remote] DEBUG org.asynchttpclient.netty.request.NettyRequestSender - Using pooled Channel '[id: 0x19b93b78, L:/127.0.0.1:60616 - R:localhost/127.0.0.1:12244]' for 'POST' to 'http://localhost:12244/session/df1e05cabb9d5fba86965e8d536a92f9/element'
23:24:45.171 [Forwarding findElement on session df1e05cabb9d5fba86965e8d536a92f9 to remote] DEBUG org.asynchttpclient.netty.request.NettyRequestSender - Using open Channel [id: 0x19b93b78, L:/127.0.0.1:60616 - R:localhost/127.0.0.1:12244] for POST '/session/df1e05cabb9d5fba86965e8d536a92f9/element'
23:24:45.225 [AsyncHttpClient-1-2] DEBUG org.asynchttpclient.netty.handler.HttpHandler - 

Request DefaultHttpRequest(decodeResult: success, version: HTTP/1.1)
POST /session/df1e05cabb9d5fba86965e8d536a92f9/element HTTP/1.1
User-Agent: selenium/4.12.1 (java windows)
Content-Length: 64
Content-Type: application/json; charset=utf-8
host: localhost:12244
accept: */*

Response DefaultHttpResponse(decodeResult: success, version: HTTP/1.1)
HTTP/1.1 200 OK
Content-Length: 95
Content-Type: application/json; charset=utf-8
cache-control: no-cache

23:24:45.226 [AsyncHttpClient-1-2] DEBUG org.asynchttpclient.netty.channel.ChannelManager - Adding key: http://localhost:12244 for channel [id: 0x19b93b78, L:/127.0.0.1:60616 - R:localhost/127.0.0.1:12244]
23:24:45.231 [Forwarding clickElement on session df1e05cabb9d5fba86965e8d536a92f9 to remote] DEBUG org.asynchttpclient.netty.request.NettyRequestSender - Using pooled Channel '[id: 0x19b93b78, L:/127.0.0.1:60616 - R:localhost/127.0.0.1:12244]' for 'POST' to 'http://localhost:12244/session/df1e05cabb9d5fba86965e8d536a92f9/element/2ACB7F701A714D628987898BA0457A84_element_91/click'
23:24:45.232 [Forwarding clickElement on session df1e05cabb9d5fba86965e8d536a92f9 to remote] DEBUG org.asynchttpclient.netty.request.NettyRequestSender - Using open Channel [id: 0x19b93b78, L:/127.0.0.1:60616 - R:localhost/127.0.0.1:12244] for POST '/session/df1e05cabb9d5fba86965e8d536a92f9/element/2ACB7F701A714D628987898BA0457A84_element_91/click'
23:24:45.476 [AsyncHttpClient-1-1] DEBUG org.asynchttpclient.netty.channel.DefaultChannelPool - Entry count for : http://localhost:60618 : 1
23:24:46.090 [AsyncHttpClient-1-2] DEBUG org.asynchttpclient.netty.handler.HttpHandler - 

Request DefaultHttpRequest(decodeResult: success, version: HTTP/1.1)
POST /session/df1e05cabb9d5fba86965e8d536a92f9/element/2ACB7F701A714D628987898BA0457A84_element_91/click HTTP/1.1
User-Agent: selenium/4.12.1 (java windows)
Content-Length: 57
Content-Type: application/json; charset=utf-8
host: localhost:12244
accept: */*

Response DefaultHttpResponse(decodeResult: success, version: HTTP/1.1)
HTTP/1.1 200 OK
Content-Length: 14
Content-Type: application/json; charset=utf-8
cache-control: no-cache

23:24:46.091 [AsyncHttpClient-1-2] DEBUG org.asynchttpclient.netty.channel.ChannelManager - Adding key: http://localhost:12244 for channel [id: 0x19b93b78, L:/127.0.0.1:60616 - R:localhost/127.0.0.1:12244]
23:24:46.103 [Forwarding findElements on session df1e05cabb9d5fba86965e8d536a92f9 to remote] DEBUG org.asynchttpclient.netty.request.NettyRequestSender - Using pooled Channel '[id: 0x19b93b78, L:/127.0.0.1:60616 - R:localhost/127.0.0.1:12244]' for 'POST' to 'http://localhost:12244/session/df1e05cabb9d5fba86965e8d536a92f9/elements'
23:24:46.103 [Forwarding findElements on session df1e05cabb9d5fba86965e8d536a92f9 to remote] DEBUG org.asynchttpclient.netty.request.NettyRequestSender - Using open Channel [id: 0x19b93b78, L:/127.0.0.1:60616 - R:localhost/127.0.0.1:12244] for POST '/session/df1e05cabb9d5fba86965e8d536a92f9/elements'
23:24:46.466 [AsyncHttpClient-1-2] DEBUG org.asynchttpclient.netty.handler.HttpHandler - 

Request DefaultHttpRequest(decodeResult: success, version: HTTP/1.1)
POST /session/df1e05cabb9d5fba86965e8d536a92f9/elements HTTP/1.1
User-Agent: selenium/4.12.1 (java windows)
Content-Length: 52
Content-Type: application/json; charset=utf-8
host: localhost:12244
accept: */*

Response DefaultHttpResponse(decodeResult: success, version: HTTP/1.1)
HTTP/1.1 200 OK
Content-Length: 98
Content-Type: application/json; charset=utf-8
cache-control: no-cache

23:24:46.467 [AsyncHttpClient-1-2] DEBUG org.asynchttpclient.netty.channel.ChannelManager - Adding key: http://localhost:12244 for channel [id: 0x19b93b78, L:/127.0.0.1:60616 - R:localhost/127.0.0.1:12244]
23:24:46.472 [Forwarding getElementText on session df1e05cabb9d5fba86965e8d536a92f9 to remote] DEBUG org.asynchttpclient.netty.request.NettyRequestSender - Using pooled Channel '[id: 0x19b93b78, L:/127.0.0.1:60616 - R:localhost/127.0.0.1:12244]' for 'GET' to 'http://localhost:12244/session/df1e05cabb9d5fba86965e8d536a92f9/element/2ACB7F701A714D628987898BA0457A84_element_102/text'
23:24:46.472 [Forwarding getElementText on session df1e05cabb9d5fba86965e8d536a92f9 to remote] DEBUG org.asynchttpclient.netty.request.NettyRequestSender - Using open Channel [id: 0x19b93b78, L:/127.0.0.1:60616 - R:localhost/127.0.0.1:12244] for GET '/session/df1e05cabb9d5fba86965e8d536a92f9/element/2ACB7F701A714D628987898BA0457A84_element_102/text'
23:24:46.575 [AsyncHttpClient-1-1] DEBUG org.asynchttpclient.netty.channel.DefaultChannelPool - Entry count for : http://localhost:60618 : 1
23:24:46.636 [AsyncHttpClient-1-2] DEBUG org.asynchttpclient.netty.handler.HttpHandler - 

Request DefaultFullHttpRequest(decodeResult: success, version: HTTP/1.1, content: EmptyByteBufBE)
GET /session/df1e05cabb9d5fba86965e8d536a92f9/element/2ACB7F701A714D628987898BA0457A84_element_102/text HTTP/1.1
Cache-Control: no-cache
User-Agent: selenium/4.12.1 (java windows)
Content-Type: application/json; charset=utf-8
host: localhost:12244
accept: */*

Response DefaultHttpResponse(decodeResult: success, version: HTTP/1.1)
HTTP/1.1 200 OK
Content-Length: 23
Content-Type: application/json; charset=utf-8
cache-control: no-cache

23:24:46.638 [AsyncHttpClient-1-2] DEBUG org.asynchttpclient.netty.channel.ChannelManager - Adding key: http://localhost:12244 for channel [id: 0x19b93b78, L:/127.0.0.1:60616 - R:localhost/127.0.0.1:12244]
23:24:46.660 [Forwarding findElement on session df1e05cabb9d5fba86965e8d536a92f9 to remote] DEBUG org.asynchttpclient.netty.request.NettyRequestSender - Using pooled Channel '[id: 0x19b93b78, L:/127.0.0.1:60616 - R:localhost/127.0.0.1:12244]' for 'POST' to 'http://localhost:12244/session/df1e05cabb9d5fba86965e8d536a92f9/element'
23:24:46.661 [Forwarding findElement on session df1e05cabb9d5fba86965e8d536a92f9 to remote] DEBUG org.asynchttpclient.netty.request.NettyRequestSender - Using open Channel [id: 0x19b93b78, L:/127.0.0.1:60616 - R:localhost/127.0.0.1:12244] for POST '/session/df1e05cabb9d5fba86965e8d536a92f9/element'
23:24:46.852 [AsyncHttpClient-1-2] DEBUG org.asynchttpclient.netty.handler.HttpHandler - 

Request DefaultHttpRequest(decodeResult: success, version: HTTP/1.1)
POST /session/df1e05cabb9d5fba86965e8d536a92f9/element HTTP/1.1
User-Agent: selenium/4.12.1 (java windows)
Content-Length: 81
Content-Type: application/json; charset=utf-8
host: localhost:12244
accept: */*

Response DefaultHttpResponse(decodeResult: success, version: HTTP/1.1)
HTTP/1.1 200 OK
Content-Length: 96
Content-Type: application/json; charset=utf-8
cache-control: no-cache

23:24:46.853 [AsyncHttpClient-1-2] DEBUG org.asynchttpclient.netty.channel.ChannelManager - Adding key: http://localhost:12244 for channel [id: 0x19b93b78, L:/127.0.0.1:60616 - R:localhost/127.0.0.1:12244]
23:24:46.859 [Forwarding executeScript on session df1e05cabb9d5fba86965e8d536a92f9 to remote] DEBUG org.asynchttpclient.netty.request.NettyRequestSender - Using pooled Channel '[id: 0x19b93b78, L:/127.0.0.1:60616 - R:localhost/127.0.0.1:12244]' for 'POST' to 'http://localhost:12244/session/df1e05cabb9d5fba86965e8d536a92f9/execute/sync'
23:24:46.860 [Forwarding executeScript on session df1e05cabb9d5fba86965e8d536a92f9 to remote] DEBUG org.asynchttpclient.netty.request.NettyRequestSender - Using open Channel [id: 0x19b93b78, L:/127.0.0.1:60616 - R:localhost/127.0.0.1:12244] for POST '/session/df1e05cabb9d5fba86965e8d536a92f9/execute/sync'
23:24:47.174 [AsyncHttpClient-1-2] DEBUG org.asynchttpclient.netty.handler.HttpHandler - 

Request DefaultHttpRequest(decodeResult: success, version: HTTP/1.1)
POST /session/df1e05cabb9d5fba86965e8d536a92f9/execute/sync HTTP/1.1
User-Agent: selenium/4.12.1 (java windows)
Content-Length: 159
Content-Type: application/json; charset=utf-8
host: localhost:12244
accept: */*

Response DefaultHttpResponse(decodeResult: success, version: HTTP/1.1)
HTTP/1.1 200 OK
Content-Length: 14
Content-Type: application/json; charset=utf-8
cache-control: no-cache

23:24:47.176 [AsyncHttpClient-1-2] DEBUG org.asynchttpclient.netty.channel.ChannelManager - Adding key: http://localhost:12244 for channel [id: 0x19b93b78, L:/127.0.0.1:60616 - R:localhost/127.0.0.1:12244]
23:24:47.191 [Forwarding findElement on session df1e05cabb9d5fba86965e8d536a92f9 to remote] DEBUG org.asynchttpclient.netty.request.NettyRequestSender - Using pooled Channel '[id: 0x19b93b78, L:/127.0.0.1:60616 - R:localhost/127.0.0.1:12244]' for 'POST' to 'http://localhost:12244/session/df1e05cabb9d5fba86965e8d536a92f9/element'
23:24:47.191 [Forwarding findElement on session df1e05cabb9d5fba86965e8d536a92f9 to remote] DEBUG org.asynchttpclient.netty.request.NettyRequestSender - Using open Channel [id: 0x19b93b78, L:/127.0.0.1:60616 - R:localhost/127.0.0.1:12244] for POST '/session/df1e05cabb9d5fba86965e8d536a92f9/element'
23:24:47.497 [AsyncHttpClient-1-2] DEBUG org.asynchttpclient.netty.handler.HttpHandler - 

Request DefaultHttpRequest(decodeResult: success, version: HTTP/1.1)
POST /session/df1e05cabb9d5fba86965e8d536a92f9/element HTTP/1.1
User-Agent: selenium/4.12.1 (java windows)
Content-Length: 75
Content-Type: application/json; charset=utf-8
host: localhost:12244
accept: */*

Response DefaultHttpResponse(decodeResult: success, version: HTTP/1.1)
HTTP/1.1 200 OK
Content-Length: 96
Content-Type: application/json; charset=utf-8
cache-control: no-cache

23:24:47.498 [AsyncHttpClient-1-2] DEBUG org.asynchttpclient.netty.channel.ChannelManager - Adding key: http://localhost:12244 for channel [id: 0x19b93b78, L:/127.0.0.1:60616 - R:localhost/127.0.0.1:12244]
23:24:47.504 [Forwarding sendKeysToElement on session df1e05cabb9d5fba86965e8d536a92f9 to remote] DEBUG org.asynchttpclient.netty.request.NettyRequestSender - Using pooled Channel '[id: 0x19b93b78, L:/127.0.0.1:60616 - R:localhost/127.0.0.1:12244]' for 'POST' to 'http://localhost:12244/session/df1e05cabb9d5fba86965e8d536a92f9/element/2ACB7F701A714D628987898BA0457A84_element_115/value'
23:24:47.505 [Forwarding sendKeysToElement on session df1e05cabb9d5fba86965e8d536a92f9 to remote] DEBUG org.asynchttpclient.netty.request.NettyRequestSender - Using open Channel [id: 0x19b93b78, L:/127.0.0.1:60616 - R:localhost/127.0.0.1:12244] for POST '/session/df1e05cabb9d5fba86965e8d536a92f9/element/2ACB7F701A714D628987898BA0457A84_element_115/value'
23:24:47.675 [AsyncHttpClient-1-1] DEBUG org.asynchttpclient.netty.channel.DefaultChannelPool - Entry count for : http://localhost:60618 : 1
23:24:47.949 [AsyncHttpClient-1-2] DEBUG org.asynchttpclient.netty.handler.HttpHandler - 

Request DefaultHttpRequest(decodeResult: success, version: HTTP/1.1)
POST /session/df1e05cabb9d5fba86965e8d536a92f9/element/2ACB7F701A714D628987898BA0457A84_element_115/value HTTP/1.1
User-Agent: selenium/4.12.1 (java windows)
Content-Length: 139
Content-Type: application/json; charset=utf-8
host: localhost:12244
accept: */*

Response DefaultHttpResponse(decodeResult: success, version: HTTP/1.1)
HTTP/1.1 200 OK
Content-Length: 14
Content-Type: application/json; charset=utf-8
cache-control: no-cache

23:24:47.950 [AsyncHttpClient-1-2] DEBUG org.asynchttpclient.netty.channel.ChannelManager - Adding key: http://localhost:12244 for channel [id: 0x19b93b78, L:/127.0.0.1:60616 - R:localhost/127.0.0.1:12244]
23:24:47.955 [Forwarding findElement on session df1e05cabb9d5fba86965e8d536a92f9 to remote] DEBUG org.asynchttpclient.netty.request.NettyRequestSender - Using pooled Channel '[id: 0x19b93b78, L:/127.0.0.1:60616 - R:localhost/127.0.0.1:12244]' for 'POST' to 'http://localhost:12244/session/df1e05cabb9d5fba86965e8d536a92f9/element'
23:24:47.955 [Forwarding findElement on session df1e05cabb9d5fba86965e8d536a92f9 to remote] DEBUG org.asynchttpclient.netty.request.NettyRequestSender - Using open Channel [id: 0x19b93b78, L:/127.0.0.1:60616 - R:localhost/127.0.0.1:12244] for POST '/session/df1e05cabb9d5fba86965e8d536a92f9/element'
23:24:48.319 [AsyncHttpClient-1-2] DEBUG org.asynchttpclient.netty.handler.HttpHandler - 

Request DefaultHttpRequest(decodeResult: success, version: HTTP/1.1)
POST /session/df1e05cabb9d5fba86965e8d536a92f9/element HTTP/1.1
User-Agent: selenium/4.12.1 (java windows)
Content-Length: 55
Content-Type: application/json; charset=utf-8
host: localhost:12244
accept: */*

Response DefaultHttpResponse(decodeResult: success, version: HTTP/1.1)
HTTP/1.1 200 OK
Content-Length: 96
Content-Type: application/json; charset=utf-8
cache-control: no-cache

23:24:48.319 [AsyncHttpClient-1-2] DEBUG org.asynchttpclient.netty.channel.ChannelManager - Adding key: http://localhost:12244 for channel [id: 0x19b93b78, L:/127.0.0.1:60616 - R:localhost/127.0.0.1:12244]
23:24:48.328 [Forwarding isElementDisplayed on session df1e05cabb9d5fba86965e8d536a92f9 to remote] DEBUG org.asynchttpclient.netty.request.NettyRequestSender - Using pooled Channel '[id: 0x19b93b78, L:/127.0.0.1:60616 - R:localhost/127.0.0.1:12244]' for 'POST' to 'http://localhost:12244/session/df1e05cabb9d5fba86965e8d536a92f9/execute/sync'
23:24:48.329 [Forwarding isElementDisplayed on session df1e05cabb9d5fba86965e8d536a92f9 to remote] DEBUG org.asynchttpclient.netty.request.NettyRequestSender - Using open Channel [id: 0x19b93b78, L:/127.0.0.1:60616 - R:localhost/127.0.0.1:12244] for POST '/session/df1e05cabb9d5fba86965e8d536a92f9/execute/sync'
23:24:48.381 [AsyncHttpClient-1-2] DEBUG org.asynchttpclient.netty.handler.HttpHandler - 

Request DefaultHttpRequest(decodeResult: success, version: HTTP/1.1)
POST /session/df1e05cabb9d5fba86965e8d536a92f9/execute/sync HTTP/1.1
User-Agent: selenium/4.12.1 (java windows)
Content-Length: 48704
Content-Type: application/json; charset=utf-8
host: localhost:12244
accept: */*

Response DefaultHttpResponse(decodeResult: success, version: HTTP/1.1)
HTTP/1.1 200 OK
Content-Length: 14
Content-Type: application/json; charset=utf-8
cache-control: no-cache

23:24:48.382 [AsyncHttpClient-1-2] DEBUG org.asynchttpclient.netty.channel.ChannelManager - Adding key: http://localhost:12244 for channel [id: 0x19b93b78, L:/127.0.0.1:60616 - R:localhost/127.0.0.1:12244]
23:24:48.389 [Forwarding findElement on session df1e05cabb9d5fba86965e8d536a92f9 to remote] DEBUG org.asynchttpclient.netty.request.NettyRequestSender - Using pooled Channel '[id: 0x19b93b78, L:/127.0.0.1:60616 - R:localhost/127.0.0.1:12244]' for 'POST' to 'http://localhost:12244/session/df1e05cabb9d5fba86965e8d536a92f9/element'
23:24:48.389 [Forwarding findElement on session df1e05cabb9d5fba86965e8d536a92f9 to remote] DEBUG org.asynchttpclient.netty.request.NettyRequestSender - Using open Channel [id: 0x19b93b78, L:/127.0.0.1:60616 - R:localhost/127.0.0.1:12244] for POST '/session/df1e05cabb9d5fba86965e8d536a92f9/element'
23:24:48.447 [AsyncHttpClient-1-2] DEBUG org.asynchttpclient.netty.handler.HttpHandler - 

Request DefaultHttpRequest(decodeResult: success, version: HTTP/1.1)
POST /session/df1e05cabb9d5fba86965e8d536a92f9/element HTTP/1.1
User-Agent: selenium/4.12.1 (java windows)
Content-Length: 83
Content-Type: application/json; charset=utf-8
host: localhost:12244
accept: */*

Response DefaultHttpResponse(decodeResult: success, version: HTTP/1.1)
HTTP/1.1 200 OK
Content-Length: 96
Content-Type: application/json; charset=utf-8
cache-control: no-cache

23:24:48.448 [AsyncHttpClient-1-2] DEBUG org.asynchttpclient.netty.channel.ChannelManager - Adding key: http://localhost:12244 for channel [id: 0x19b93b78, L:/127.0.0.1:60616 - R:localhost/127.0.0.1:12244]
23:24:48.452 [Forwarding clickElement on session df1e05cabb9d5fba86965e8d536a92f9 to remote] DEBUG org.asynchttpclient.netty.request.NettyRequestSender - Using pooled Channel '[id: 0x19b93b78, L:/127.0.0.1:60616 - R:localhost/127.0.0.1:12244]' for 'POST' to 'http://localhost:12244/session/df1e05cabb9d5fba86965e8d536a92f9/element/2ACB7F701A714D628987898BA0457A84_element_129/click'
23:24:48.452 [Forwarding clickElement on session df1e05cabb9d5fba86965e8d536a92f9 to remote] DEBUG org.asynchttpclient.netty.request.NettyRequestSender - Using open Channel [id: 0x19b93b78, L:/127.0.0.1:60616 - R:localhost/127.0.0.1:12244] for POST '/session/df1e05cabb9d5fba86965e8d536a92f9/element/2ACB7F701A714D628987898BA0457A84_element_129/click'
23:24:48.621 [AsyncHttpClient-1-2] DEBUG org.asynchttpclient.netty.handler.HttpHandler - 

Request DefaultHttpRequest(decodeResult: success, version: HTTP/1.1)
POST /session/df1e05cabb9d5fba86965e8d536a92f9/element/2ACB7F701A714D628987898BA0457A84_element_129/click HTTP/1.1
User-Agent: selenium/4.12.1 (java windows)
Content-Length: 58
Content-Type: application/json; charset=utf-8
host: localhost:12244
accept: */*

Response DefaultHttpResponse(decodeResult: success, version: HTTP/1.1)
HTTP/1.1 200 OK
Content-Length: 14
Content-Type: application/json; charset=utf-8
cache-control: no-cache

23:24:48.622 [AsyncHttpClient-1-2] DEBUG org.asynchttpclient.netty.channel.ChannelManager - Adding key: http://localhost:12244 for channel [id: 0x19b93b78, L:/127.0.0.1:60616 - R:localhost/127.0.0.1:12244]
23:24:48.625 [Forwarding findElement on session df1e05cabb9d5fba86965e8d536a92f9 to remote] DEBUG org.asynchttpclient.netty.request.NettyRequestSender - Using pooled Channel '[id: 0x19b93b78, L:/127.0.0.1:60616 - R:localhost/127.0.0.1:12244]' for 'POST' to 'http://localhost:12244/session/df1e05cabb9d5fba86965e8d536a92f9/element'
23:24:48.625 [Forwarding findElement on session df1e05cabb9d5fba86965e8d536a92f9 to remote] DEBUG org.asynchttpclient.netty.request.NettyRequestSender - Using open Channel [id: 0x19b93b78, L:/127.0.0.1:60616 - R:localhost/127.0.0.1:12244] for POST '/session/df1e05cabb9d5fba86965e8d536a92f9/element'
23:24:48.713 [AsyncHttpClient-1-2] DEBUG org.asynchttpclient.netty.handler.HttpHandler - 

Request DefaultHttpRequest(decodeResult: success, version: HTTP/1.1)
POST /session/df1e05cabb9d5fba86965e8d536a92f9/element HTTP/1.1
User-Agent: selenium/4.12.1 (java windows)
Content-Length: 59
Content-Type: application/json; charset=utf-8
host: localhost:12244
accept: */*

Response DefaultHttpResponse(decodeResult: success, version: HTTP/1.1)
HTTP/1.1 200 OK
Content-Length: 96
Content-Type: application/json; charset=utf-8
cache-control: no-cache

23:24:48.714 [AsyncHttpClient-1-2] DEBUG org.asynchttpclient.netty.channel.ChannelManager - Adding key: http://localhost:12244 for channel [id: 0x19b93b78, L:/127.0.0.1:60616 - R:localhost/127.0.0.1:12244]
23:24:48.719 [Forwarding executeScript on session df1e05cabb9d5fba86965e8d536a92f9 to remote] DEBUG org.asynchttpclient.netty.request.NettyRequestSender - Using pooled Channel '[id: 0x19b93b78, L:/127.0.0.1:60616 - R:localhost/127.0.0.1:12244]' for 'POST' to 'http://localhost:12244/session/df1e05cabb9d5fba86965e8d536a92f9/execute/sync'
23:24:48.719 [Forwarding executeScript on session df1e05cabb9d5fba86965e8d536a92f9 to remote] DEBUG org.asynchttpclient.netty.request.NettyRequestSender - Using open Channel [id: 0x19b93b78, L:/127.0.0.1:60616 - R:localhost/127.0.0.1:12244] for POST '/session/df1e05cabb9d5fba86965e8d536a92f9/execute/sync'
23:24:48.772 [AsyncHttpClient-1-1] DEBUG org.asynchttpclient.netty.channel.DefaultChannelPool - Entry count for : http://localhost:60618 : 1
23:24:48.979 [AsyncHttpClient-1-2] DEBUG org.asynchttpclient.netty.handler.HttpHandler - 

Request DefaultHttpRequest(decodeResult: success, version: HTTP/1.1)
POST /session/df1e05cabb9d5fba86965e8d536a92f9/execute/sync HTTP/1.1
User-Agent: selenium/4.12.1 (java windows)
Content-Length: 159
Content-Type: application/json; charset=utf-8
host: localhost:12244
accept: */*

Response DefaultHttpResponse(decodeResult: success, version: HTTP/1.1)
HTTP/1.1 200 OK
Content-Length: 14
Content-Type: application/json; charset=utf-8
cache-control: no-cache

23:24:48.980 [AsyncHttpClient-1-2] DEBUG org.asynchttpclient.netty.channel.ChannelManager - Adding key: http://localhost:12244 for channel [id: 0x19b93b78, L:/127.0.0.1:60616 - R:localhost/127.0.0.1:12244]
23:24:48.995 [Forwarding findElement on session df1e05cabb9d5fba86965e8d536a92f9 to remote] DEBUG org.asynchttpclient.netty.request.NettyRequestSender - Using pooled Channel '[id: 0x19b93b78, L:/127.0.0.1:60616 - R:localhost/127.0.0.1:12244]' for 'POST' to 'http://localhost:12244/session/df1e05cabb9d5fba86965e8d536a92f9/element'
23:24:48.995 [Forwarding findElement on session df1e05cabb9d5fba86965e8d536a92f9 to remote] DEBUG org.asynchttpclient.netty.request.NettyRequestSender - Using open Channel [id: 0x19b93b78, L:/127.0.0.1:60616 - R:localhost/127.0.0.1:12244] for POST '/session/df1e05cabb9d5fba86965e8d536a92f9/element'
23:24:49.398 [AsyncHttpClient-1-2] DEBUG org.asynchttpclient.netty.handler.HttpHandler - 

Request DefaultHttpRequest(decodeResult: success, version: HTTP/1.1)
POST /session/df1e05cabb9d5fba86965e8d536a92f9/element HTTP/1.1
User-Agent: selenium/4.12.1 (java windows)
Content-Length: 57
Content-Type: application/json; charset=utf-8
host: localhost:12244
accept: */*

Response DefaultHttpResponse(decodeResult: success, version: HTTP/1.1)
HTTP/1.1 200 OK
Content-Length: 96
Content-Type: application/json; charset=utf-8
cache-control: no-cache

23:24:49.399 [AsyncHttpClient-1-2] DEBUG org.asynchttpclient.netty.channel.ChannelManager - Adding key: http://localhost:12244 for channel [id: 0x19b93b78, L:/127.0.0.1:60616 - R:localhost/127.0.0.1:12244]
23:24:49.406 [Forwarding getElementText on session df1e05cabb9d5fba86965e8d536a92f9 to remote] DEBUG org.asynchttpclient.netty.request.NettyRequestSender - Using pooled Channel '[id: 0x19b93b78, L:/127.0.0.1:60616 - R:localhost/127.0.0.1:12244]' for 'GET' to 'http://localhost:12244/session/df1e05cabb9d5fba86965e8d536a92f9/element/2ACB7F701A714D628987898BA0457A84_element_143/text'
23:24:49.407 [Forwarding getElementText on session df1e05cabb9d5fba86965e8d536a92f9 to remote] DEBUG org.asynchttpclient.netty.request.NettyRequestSender - Using open Channel [id: 0x19b93b78, L:/127.0.0.1:60616 - R:localhost/127.0.0.1:12244] for GET '/session/df1e05cabb9d5fba86965e8d536a92f9/element/2ACB7F701A714D628987898BA0457A84_element_143/text'
23:24:49.900 [AsyncHttpClient-1-1] DEBUG org.asynchttpclient.netty.channel.DefaultChannelPool - Entry count for : http://localhost:60618 : 1
23:24:49.915 [AsyncHttpClient-1-2] DEBUG org.asynchttpclient.netty.handler.HttpHandler - 

Request DefaultFullHttpRequest(decodeResult: success, version: HTTP/1.1, content: EmptyByteBufBE)
GET /session/df1e05cabb9d5fba86965e8d536a92f9/element/2ACB7F701A714D628987898BA0457A84_element_143/text HTTP/1.1
Cache-Control: no-cache
User-Agent: selenium/4.12.1 (java windows)
Content-Type: application/json; charset=utf-8
host: localhost:12244
accept: */*

Response DefaultHttpResponse(decodeResult: success, version: HTTP/1.1)
HTTP/1.1 200 OK
Content-Length: 35
Content-Type: application/json; charset=utf-8
cache-control: no-cache

23:24:49.916 [AsyncHttpClient-1-2] DEBUG org.asynchttpclient.netty.channel.ChannelManager - Adding key: http://localhost:12244 for channel [id: 0x19b93b78, L:/127.0.0.1:60616 - R:localhost/127.0.0.1:12244]
]]></system-out>
    <system-err><![CDATA[Mar 19, 2024 11:24:19 PM org.openqa.selenium.devtools.CdpVersionFinder findNearestMatch
WARNING: Unable to find an exact match for CDP version 120, so returning the closest version found: 116
]]></system-err>
  </testcase>
  <testcase name="submitOrder[{password=N&amp;a@1999, product=ADIDAS ORIGINAL, email=nandha1@gmail.com}](2)" classname="nandha.tests.SubmitOrderTest" time="25.414">
    <system-out><![CDATA[23:24:49.953 [Forwarding close on session df1e05cabb9d5fba86965e8d536a92f9 to remote] DEBUG org.asynchttpclient.netty.request.NettyRequestSender - Using pooled Channel '[id: 0x19b93b78, L:/127.0.0.1:60616 - R:localhost/127.0.0.1:12244]' for 'DELETE' to 'http://localhost:12244/session/df1e05cabb9d5fba86965e8d536a92f9/window'
23:24:49.953 [Forwarding close on session df1e05cabb9d5fba86965e8d536a92f9 to remote] DEBUG org.asynchttpclient.netty.request.NettyRequestSender - Using open Channel [id: 0x19b93b78, L:/127.0.0.1:60616 - R:localhost/127.0.0.1:12244] for DELETE '/session/df1e05cabb9d5fba86965e8d536a92f9/window'
23:24:50.297 [AsyncHttpClient-1-3] DEBUG org.asynchttpclient.netty.handler.HttpHandler - Channel Closed: [id: 0xa3b58526, L:/127.0.0.1:60631 ! R:localhost/127.0.0.1:60618] with attribute DISCARD
23:24:50.297 [AsyncHttpClient-1-4] DEBUG org.asynchttpclient.netty.handler.WebSocketHandler - Channel Closed: [id: 0xf46a58bd, L:/127.0.0.1:60632 ! R:localhost/127.0.0.1:60618] with attribute NettyResponseFuture{currentRetry=0,
	isDone=1,
	isCancelled=0,
	asyncHandler=org.asynchttpclient.ws.WebSocketUpgradeHandler@40ce2d4d,
	nettyRequest=org.asynchttpclient.netty.request.NettyRequest@571c19a0,
	future=java.util.concurrent.CompletableFuture@7a605847[Completed normally],
	uri=ws://localhost:60618/devtools/browser/9d96e0f4-0952-4698-8bed-5159340002d0,
	keepAlive=true,
	redirectCount=0,
	timeoutsHolder=null,
	inAuth=0,
	touch=1710870859620}
23:24:50.299 [AsyncHttpClient-1-4] DEBUG org.asynchttpclient.netty.channel.ChannelManager - Closing Channel [id: 0xf46a58bd, L:/127.0.0.1:60632 ! R:localhost/127.0.0.1:60618] 
23:24:50.976 [AsyncHttpClient-1-1] DEBUG org.asynchttpclient.netty.channel.DefaultChannelPool - Entry count for : http://localhost:60618 : 1
23:24:50.976 [AsyncHttpClient-1-1] DEBUG org.asynchttpclient.netty.channel.DefaultChannelPool - Adding Candidate expired Channel [id: 0xa3b58526, L:/127.0.0.1:60631 ! R:localhost/127.0.0.1:60618] isIdleTimeoutExpired=false isRemotelyClosed=true isTtlExpired=false
23:24:50.976 [AsyncHttpClient-1-1] DEBUG org.asynchttpclient.netty.channel.DefaultChannelPool - Closing Idle Channel [id: 0xa3b58526, L:/127.0.0.1:60631 ! R:localhost/127.0.0.1:60618]
23:24:50.977 [AsyncHttpClient-1-1] DEBUG org.asynchttpclient.netty.channel.DefaultChannelPool - Closed 1 connections out of 1 in 1 ms
23:24:52.466 [AsyncHttpClient-1-2] DEBUG org.asynchttpclient.netty.handler.HttpHandler - 

Request DefaultFullHttpRequest(decodeResult: success, version: HTTP/1.1, content: EmptyByteBufBE)
DELETE /session/df1e05cabb9d5fba86965e8d536a92f9/window HTTP/1.1
User-Agent: selenium/4.12.1 (java windows)
Content-Type: application/json; charset=utf-8
host: localhost:12244
accept: */*

Response DefaultHttpResponse(decodeResult: success, version: HTTP/1.1)
HTTP/1.1 200 OK
Content-Length: 12
Content-Type: application/json; charset=utf-8
cache-control: no-cache

23:24:52.466 [AsyncHttpClient-1-2] DEBUG org.asynchttpclient.netty.channel.ChannelManager - Adding key: http://localhost:12244 for channel [id: 0x19b93b78, L:/127.0.0.1:60616 - R:localhost/127.0.0.1:12244]
23:24:53.177 [AsyncHttpClient-1-1] DEBUG org.asynchttpclient.netty.channel.DefaultChannelPool - Entry count for : http://localhost:12244 : 1
23:24:54.271 [AsyncHttpClient-1-1] DEBUG org.asynchttpclient.netty.channel.DefaultChannelPool - Entry count for : http://localhost:12244 : 1
23:24:55.370 [AsyncHttpClient-1-1] DEBUG org.asynchttpclient.netty.channel.DefaultChannelPool - Entry count for : http://localhost:12244 : 1
23:24:56.469 [AsyncHttpClient-1-1] DEBUG org.asynchttpclient.netty.channel.DefaultChannelPool - Entry count for : http://localhost:12244 : 1
23:24:57.565 [AsyncHttpClient-1-1] DEBUG org.asynchttpclient.netty.channel.DefaultChannelPool - Entry count for : http://localhost:12244 : 1
23:24:58.679 [AsyncHttpClient-1-1] DEBUG org.asynchttpclient.netty.channel.DefaultChannelPool - Entry count for : http://localhost:12244 : 1
23:24:59.768 [AsyncHttpClient-1-1] DEBUG org.asynchttpclient.netty.channel.DefaultChannelPool - Entry count for : http://localhost:12244 : 1
23:25:00.869 [AsyncHttpClient-1-1] DEBUG org.asynchttpclient.netty.channel.DefaultChannelPool - Entry count for : http://localhost:12244 : 1
23:25:01.974 [AsyncHttpClient-1-1] DEBUG org.asynchttpclient.netty.channel.DefaultChannelPool - Entry count for : http://localhost:12244 : 1
23:25:03.078 [AsyncHttpClient-1-1] DEBUG org.asynchttpclient.netty.channel.DefaultChannelPool - Entry count for : http://localhost:12244 : 1
23:25:04.165 [AsyncHttpClient-1-1] DEBUG org.asynchttpclient.netty.channel.DefaultChannelPool - Entry count for : http://localhost:12244 : 1
23:25:05.272 [AsyncHttpClient-1-1] DEBUG org.asynchttpclient.netty.channel.DefaultChannelPool - Entry count for : http://localhost:12244 : 1
23:25:06.371 [AsyncHttpClient-1-1] DEBUG org.asynchttpclient.netty.channel.DefaultChannelPool - Entry count for : http://localhost:12244 : 1
23:25:07.130 [AsyncHttpClient-1-5] DEBUG org.asynchttpclient.netty.channel.NettyConnectListener - Using new Channel '[id: 0x579f6839, L:/127.0.0.1:60673 - R:localhost/127.0.0.1:15402]' for 'POST' to '/session'
[...]
23:30:09.125 [Forwarding findElement on session a2ad0b9567d6053172e3faefd2546669 to remote] DEBUG org.asynchttpclient.netty.request.NettyRequestSender - Using pooled Channel '[id: 0xb0243466, L:/127.0.0.1:61035 - R:localhost/127.0.0.1:22653]' for 'POST' to 'http://localhost:22653/session/a2ad0b9567d6053172e3faefd2546669/element'
23:30:09.125 [Forwarding findElement on session a2ad0b9567d6053172e3faefd2546669 to remote] DEBUG org.asynchttpclient.netty.request.NettyRequestSender - Using open Channel [id: 0xb0243466, L:/127.0.0.1:61035 - R:localhost/127.0.0.1:22653] for POST '/session/a2ad0b9567d6053172e3faefd2546669/element'
23:30:09.268 [AsyncHttpClient-1-17] DEBUG org.asynchttpclient.netty.handler.HttpHandler - 

Request DefaultHttpRequest(decodeResult: success, version: HTTP/1.1)
POST /session/a2ad0b9567d6053172e3faefd2546669/element HTTP/1.1
User-Agent: selenium/4.12.1 (java windows)
Content-Length: 50
Content-Type: application/json; charset=utf-8
host: localhost:22653
accept: */*

Response DefaultHttpResponse(decodeResult: success, version: HTTP/1.1)
HTTP/1.1 200 OK
Content-Length: 95
Content-Type: application/json; charset=utf-8
cache-control: no-cache

23:30:09.268 [AsyncHttpClient-1-17] DEBUG org.asynchttpclient.netty.channel.ChannelManager - Adding key: http://localhost:22653 for channel [id: 0xb0243466, L:/127.0.0.1:61035 - R:localhost/127.0.0.1:22653]
23:30:09.271 [Forwarding clickElement on session a2ad0b9567d6053172e3faefd2546669 to remote] DEBUG org.asynchttpclient.netty.request.NettyRequestSender - Using pooled Channel '[id: 0xb0243466, L:/127.0.0.1:61035 - R:localhost/127.0.0.1:22653]' for 'POST' to 'http://localhost:22653/session/a2ad0b9567d6053172e3faefd2546669/element/57E93DD277AEE8134FCF68948A4F61F2_element_13/click'
23:30:09.271 [Forwarding clickElement on session a2ad0b9567d6053172e3faefd2546669 to remote] DEBUG org.asynchttpclient.netty.request.NettyRequestSender - Using open Channel [id: 0xb0243466, L:/127.0.0.1:61035 - R:localhost/127.0.0.1:22653] for POST '/session/a2ad0b9567d6053172e3faefd2546669/element/57E93DD277AEE8134FCF68948A4F61F2_element_13/click'
23:30:09.696 [AsyncHttpClient-1-17] DEBUG org.asynchttpclient.netty.handler.HttpHandler - 

Request DefaultHttpRequest(decodeResult: success, version: HTTP/1.1)
POST /session/a2ad0b9567d6053172e3faefd2546669/element/57E93DD277AEE8134FCF68948A4F61F2_element_13/click HTTP/1.1
User-Agent: selenium/4.12.1 (java windows)
Content-Length: 57
Content-Type: application/json; charset=utf-8
host: localhost:22653
accept: */*

Response DefaultHttpResponse(decodeResult: success, version: HTTP/1.1)
HTTP/1.1 200 OK
Content-Length: 14
Content-Type: application/json; charset=utf-8
cache-control: no-cache

23:30:09.697 [AsyncHttpClient-1-17] DEBUG org.asynchttpclient.netty.channel.ChannelManager - Adding key: http://localhost:22653 for channel [id: 0xb0243466, L:/127.0.0.1:61035 - R:localhost/127.0.0.1:22653]
23:30:09.702 [Forwarding findElement on session a2ad0b9567d6053172e3faefd2546669 to remote] DEBUG org.asynchttpclient.netty.request.NettyRequestSender - Using pooled Channel '[id: 0xb0243466, L:/127.0.0.1:61035 - R:localhost/127.0.0.1:22653]' for 'POST' to 'http://localhost:22653/session/a2ad0b9567d6053172e3faefd2546669/element'
23:30:09.702 [Forwarding findElement on session a2ad0b9567d6053172e3faefd2546669 to remote] DEBUG org.asynchttpclient.netty.request.NettyRequestSender - Using open Channel [id: 0xb0243466, L:/127.0.0.1:61035 - R:localhost/127.0.0.1:22653] for POST '/session/a2ad0b9567d6053172e3faefd2546669/element'
23:30:09.983 [AsyncHttpClient-1-1] DEBUG org.asynchttpclient.netty.channel.DefaultChannelPool - Entry count for : http://localhost:2311 : 1
23:30:09.984 [AsyncHttpClient-1-1] DEBUG org.asynchttpclient.netty.channel.DefaultChannelPool - Entry count for : http://localhost:61043 : 1
23:30:11.078 [AsyncHttpClient-1-1] DEBUG org.asynchttpclient.netty.channel.DefaultChannelPool - Entry count for : http://localhost:2311 : 1
23:30:11.078 [AsyncHttpClient-1-1] DEBUG org.asynchttpclient.netty.channel.DefaultChannelPool - Entry count for : http://localhost:61043 : 1
23:30:12.179 [AsyncHttpClient-1-1] DEBUG org.asynchttpclient.netty.channel.DefaultChannelPool - Entry count for : http://localhost:2311 : 1
23:30:12.180 [AsyncHttpClient-1-1] DEBUG org.asynchttpclient.netty.channel.DefaultChannelPool - Entry count for : http://localhost:61043 : 1
23:30:13.314 [AsyncHttpClient-1-1] DEBUG org.asynchttpclient.netty.channel.DefaultChannelPool - Entry count for : http://localhost:2311 : 1
23:30:13.314 [AsyncHttpClient-1-1] DEBUG org.asynchttpclient.netty.channel.DefaultChannelPool - Entry count for : http://localhost:61043 : 1
23:30:14.375 [AsyncHttpClient-1-1] DEBUG org.asynchttpclient.netty.channel.DefaultChannelPool - Entry count for : http://localhost:2311 : 1
23:30:14.376 [AsyncHttpClient-1-1] DEBUG org.asynchttpclient.netty.channel.DefaultChannelPool - Entry count for : http://localhost:61043 : 1
23:30:15.469 [AsyncHttpClient-1-1] DEBUG org.asynchttpclient.netty.channel.DefaultChannelPool - Entry count for : http://localhost:2311 : 1
23:30:15.470 [AsyncHttpClient-1-1] DEBUG org.asynchttpclient.netty.channel.DefaultChannelPool - Entry count for : http://localhost:61043 : 1
23:30:16.570 [AsyncHttpClient-1-1] DEBUG org.asynchttpclient.netty.channel.DefaultChannelPool - Entry count for : http://localhost:2311 : 1
23:30:16.570 [AsyncHttpClient-1-1] DEBUG org.asynchttpclient.netty.channel.DefaultChannelPool - Entry count for : http://localhost:61043 : 1
23:30:17.678 [AsyncHttpClient-1-1] DEBUG org.asynchttpclient.netty.channel.DefaultChannelPool - Entry count for : http://localhost:2311 : 1
23:30:17.678 [AsyncHttpClient-1-1] DEBUG org.asynchttpclient.netty.channel.DefaultChannelPool - Entry count for : http://localhost:61043 : 1
23:30:18.768 [AsyncHttpClient-1-1] DEBUG org.asynchttpclient.netty.channel.DefaultChannelPool - Entry count for : http://localhost:2311 : 1
23:30:18.769 [AsyncHttpClient-1-1] DEBUG org.asynchttpclient.netty.channel.DefaultChannelPool - Entry count for : http://localhost:61043 : 1
23:30:19.753 [AsyncHttpClient-1-17] DEBUG org.asynchttpclient.netty.handler.HttpHandler - 

Request DefaultHttpRequest(decodeResult: success, version: HTTP/1.1)
POST /session/a2ad0b9567d6053172e3faefd2546669/element HTTP/1.1
User-Agent: selenium/4.12.1 (java windows)
Content-Length: 53
Content-Type: application/json; charset=utf-8
host: localhost:22653
accept: */*

Response DefaultHttpResponse(decodeResult: success, version: HTTP/1.1)
HTTP/1.1 404 Not Found
Content-Length: 1052
Content-Type: application/json; charset=utf-8
cache-control: no-cache

23:30:19.754 [AsyncHttpClient-1-17] DEBUG org.asynchttpclient.netty.channel.ChannelManager - Adding key: http://localhost:22653 for channel [id: 0xb0243466, L:/127.0.0.1:61035 - R:localhost/127.0.0.1:22653]
23:30:19.876 [AsyncHttpClient-1-1] DEBUG org.asynchttpclient.netty.channel.DefaultChannelPool - Entry count for : http://localhost:2311 : 1
23:30:19.876 [AsyncHttpClient-1-1] DEBUG org.asynchttpclient.netty.channel.DefaultChannelPool - Entry count for : http://localhost:61043 : 1
23:30:19.876 [AsyncHttpClient-1-1] DEBUG org.asynchttpclient.netty.channel.DefaultChannelPool - Entry count for : http://localhost:22653 : 1
23:30:20.266 [Forwarding findElement on session a2ad0b9567d6053172e3faefd2546669 to remote] DEBUG org.asynchttpclient.netty.request.NettyRequestSender - Using pooled Channel '[id: 0xb0243466, L:/127.0.0.1:61035 - R:localhost/127.0.0.1:22653]' for 'POST' to 'http://localhost:22653/session/a2ad0b9567d6053172e3faefd2546669/element'
23:30:20.266 [Forwarding findElement on session a2ad0b9567d6053172e3faefd2546669 to remote] DEBUG org.asynchttpclient.netty.request.NettyRequestSender - Using open Channel [id: 0xb0243466, L:/127.0.0.1:61035 - R:localhost/127.0.0.1:22653] for POST '/session/a2ad0b9567d6053172e3faefd2546669/element'
23:30:20.975 [AsyncHttpClient-1-1] DEBUG org.asynchttpclient.netty.channel.DefaultChannelPool - Entry count for : http://localhost:2311 : 1
23:30:20.975 [AsyncHttpClient-1-1] DEBUG org.asynchttpclient.netty.channel.DefaultChannelPool - Entry count for : http://localhost:61043 : 1
23:30:22.067 [AsyncHttpClient-1-1] DEBUG org.asynchttpclient.netty.channel.DefaultChannelPool - Entry count for : http://localhost:2311 : 1
23:30:22.068 [AsyncHttpClient-1-1] DEBUG org.asynchttpclient.netty.channel.DefaultChannelPool - Entry count for : http://localhost:61043 : 1
23:30:22.068 [AsyncHttpClient-1-1] DEBUG org.asynchttpclient.netty.channel.DefaultChannelPool - Adding Candidate expired Channel [id: 0x5ce58aaf, L:/127.0.0.1:60887 - R:localhost/127.0.0.1:2311] isIdleTimeoutExpired=true isRemotelyClosed=false isTtlExpired=false
23:30:22.068 [AsyncHttpClient-1-1] DEBUG org.asynchttpclient.netty.channel.DefaultChannelPool - Closing Idle Channel [id: 0x5ce58aaf, L:/127.0.0.1:60887 - R:localhost/127.0.0.1:2311]
23:30:22.068 [AsyncHttpClient-1-1] DEBUG org.asynchttpclient.netty.channel.DefaultChannelPool - Closed 1 connections out of 2 in 0 ms
23:30:22.068 [AsyncHttpClient-1-14] DEBUG org.asynchttpclient.netty.handler.HttpHandler - Channel Closed: [id: 0x5ce58aaf, L:/127.0.0.1:60887 ! R:localhost/127.0.0.1:2311] with attribute DISCARD
23:30:23.167 [AsyncHttpClient-1-1] DEBUG org.asynchttpclient.netty.channel.DefaultChannelPool - Entry count for : http://localhost:61043 : 1
23:30:24.268 [AsyncHttpClient-1-1] DEBUG org.asynchttpclient.netty.channel.DefaultChannelPool - Entry count for : http://localhost:61043 : 1
23:30:25.372 [AsyncHttpClient-1-1] DEBUG org.asynchttpclient.netty.channel.DefaultChannelPool - Entry count for : http://localhost:61043 : 1
23:30:26.473 [AsyncHttpClient-1-1] DEBUG org.asynchttpclient.netty.channel.DefaultChannelPool - Entry count for : http://localhost:61043 : 1
23:30:27.570 [AsyncHttpClient-1-1] DEBUG org.asynchttpclient.netty.channel.DefaultChannelPool - Entry count for : http://localhost:61043 : 1
23:30:28.671 [AsyncHttpClient-1-1] DEBUG org.asynchttpclient.netty.channel.DefaultChannelPool - Entry count for : http://localhost:61043 : 1
23:30:29.771 [AsyncHttpClient-1-1] DEBUG org.asynchttpclient.netty.channel.DefaultChannelPool - Entry count for : http://localhost:61043 : 1
23:30:30.607 [AsyncHttpClient-1-17] DEBUG org.asynchttpclient.netty.handler.HttpHandler - 

Request DefaultHttpRequest(decodeResult: success, version: HTTP/1.1)
POST /session/a2ad0b9567d6053172e3faefd2546669/element HTTP/1.1
User-Agent: selenium/4.12.1 (java windows)
Content-Length: 53
Content-Type: application/json; charset=utf-8
host: localhost:22653
accept: */*

Response DefaultHttpResponse(decodeResult: success, version: HTTP/1.1)
HTTP/1.1 404 Not Found
Content-Length: 1052
Content-Type: application/json; charset=utf-8
cache-control: no-cache

23:30:30.607 [AsyncHttpClient-1-17] DEBUG org.asynchttpclient.netty.channel.ChannelManager - Adding key: http://localhost:22653 for channel [id: 0xb0243466, L:/127.0.0.1:61035 - R:localhost/127.0.0.1:22653]
23:30:30.884 [AsyncHttpClient-1-1] DEBUG org.asynchttpclient.netty.channel.DefaultChannelPool - Entry count for : http://localhost:61043 : 1
23:30:30.884 [AsyncHttpClient-1-1] DEBUG org.asynchttpclient.netty.channel.DefaultChannelPool - Entry count for : http://localhost:22653 : 1
23:30:31.211 [Forwarding findElement on session a2ad0b9567d6053172e3faefd2546669 to remote] DEBUG org.asynchttpclient.netty.request.NettyRequestSender - Using pooled Channel '[id: 0xb0243466, L:/127.0.0.1:61035 - R:localhost/127.0.0.1:22653]' for 'POST' to 'http://localhost:22653/session/a2ad0b9567d6053172e3faefd2546669/element'
23:30:31.221 [Forwarding findElement on session a2ad0b9567d6053172e3faefd2546669 to remote] DEBUG org.asynchttpclient.netty.request.NettyRequestSender - Using open Channel [id: 0xb0243466, L:/127.0.0.1:61035 - R:localhost/127.0.0.1:22653] for POST '/session/a2ad0b9567d6053172e3faefd2546669/element'
23:30:32.000 [AsyncHttpClient-1-1] DEBUG org.asynchttpclient.netty.channel.DefaultChannelPool - Entry count for : http://localhost:61043 : 1
23:30:33.076 [AsyncHttpClient-1-1] DEBUG org.asynchttpclient.netty.channel.DefaultChannelPool - Entry count for : http://localhost:61043 : 1
23:30:34.217 [AsyncHttpClient-1-1] DEBUG org.asynchttpclient.netty.channel.DefaultChannelPool - Entry count for : http://localhost:61043 : 1
23:30:35.270 [AsyncHttpClient-1-1] DEBUG org.asynchttpclient.netty.channel.DefaultChannelPool - Entry count for : http://localhost:61043 : 1
23:30:36.372 [AsyncHttpClient-1-1] DEBUG org.asynchttpclient.netty.channel.DefaultChannelPool - Entry count for : http://localhost:61043 : 1
23:30:37.481 [AsyncHttpClient-1-1] DEBUG org.asynchttpclient.netty.channel.DefaultChannelPool - Entry count for : http://localhost:61043 : 1
23:30:38.572 [AsyncHttpClient-1-1] DEBUG org.asynchttpclient.netty.channel.DefaultChannelPool - Entry count for : http://localhost:61043 : 1
23:30:39.677 [AsyncHttpClient-1-1] DEBUG org.asynchttpclient.netty.channel.DefaultChannelPool - Entry count for : http://localhost:61043 : 1
23:30:40.815 [AsyncHttpClient-1-1] DEBUG org.asynchttpclient.netty.channel.DefaultChannelPool - Entry count for : http://localhost:61043 : 1
23:30:41.763 [AsyncHttpClient-1-17] DEBUG org.asynchttpclient.netty.handler.HttpHandler - 

Request DefaultHttpRequest(decodeResult: success, version: HTTP/1.1)
POST /session/a2ad0b9567d6053172e3faefd2546669/element HTTP/1.1
User-Agent: selenium/4.12.1 (java windows)
Content-Length: 53
Content-Type: application/json; charset=utf-8
host: localhost:22653
accept: */*

Response DefaultHttpResponse(decodeResult: success, version: HTTP/1.1)
HTTP/1.1 404 Not Found
Content-Length: 1052
Content-Type: application/json; charset=utf-8
cache-control: no-cache

23:30:41.763 [AsyncHttpClient-1-17] DEBUG org.asynchttpclient.netty.channel.ChannelManager - Adding key: http://localhost:22653 for channel [id: 0xb0243466, L:/127.0.0.1:61035 - R:localhost/127.0.0.1:22653]
23:30:41.767 [Forwarding findElement on session a2ad0b9567d6053172e3faefd2546669 to remote] DEBUG org.asynchttpclient.netty.request.NettyRequestSender - Using pooled Channel '[id: 0xb0243466, L:/127.0.0.1:61035 - R:localhost/127.0.0.1:22653]' for 'POST' to 'http://localhost:22653/session/a2ad0b9567d6053172e3faefd2546669/element'
23:30:41.767 [Forwarding findElement on session a2ad0b9567d6053172e3faefd2546669 to remote] DEBUG org.asynchttpclient.netty.request.NettyRequestSender - Using open Channel [id: 0xb0243466, L:/127.0.0.1:61035 - R:localhost/127.0.0.1:22653] for POST '/session/a2ad0b9567d6053172e3faefd2546669/element'
23:30:41.887 [AsyncHttpClient-1-1] DEBUG org.asynchttpclient.netty.channel.DefaultChannelPool - Entry count for : http://localhost:61043 : 1
23:30:42.968 [AsyncHttpClient-1-1] DEBUG org.asynchttpclient.netty.channel.DefaultChannelPool - Entry count for : http://localhost:61043 : 1
23:30:44.073 [AsyncHttpClient-1-1] DEBUG org.asynchttpclient.netty.channel.DefaultChannelPool - Entry count for : http://localhost:61043 : 1
23:30:45.169 [AsyncHttpClient-1-1] DEBUG org.asynchttpclient.netty.channel.DefaultChannelPool - Entry count for : http://localhost:61043 : 1
23:30:46.285 [AsyncHttpClient-1-1] DEBUG org.asynchttpclient.netty.channel.DefaultChannelPool - Entry count for : http://localhost:61043 : 1
23:30:47.377 [AsyncHttpClient-1-1] DEBUG org.asynchttpclient.netty.channel.DefaultChannelPool - Entry count for : http://localhost:61043 : 1
23:30:48.479 [AsyncHttpClient-1-1] DEBUG org.asynchttpclient.netty.channel.DefaultChannelPool - Entry count for : http://localhost:61043 : 1
23:30:49.570 [AsyncHttpClient-1-1] DEBUG org.asynchttpclient.netty.channel.DefaultChannelPool - Entry count for : http://localhost:61043 : 1
23:30:50.687 [AsyncHttpClient-1-1] DEBUG org.asynchttpclient.netty.channel.DefaultChannelPool - Entry count for : http://localhost:61043 : 1
23:30:51.786 [AsyncHttpClient-1-1] DEBUG org.asynchttpclient.netty.channel.DefaultChannelPool - Entry count for : http://localhost:61043 : 1
23:30:52.007 [AsyncHttpClient-1-17] DEBUG org.asynchttpclient.netty.handler.HttpHandler - 

Request DefaultHttpRequest(decodeResult: success, version: HTTP/1.1)
POST /session/a2ad0b9567d6053172e3faefd2546669/element HTTP/1.1
User-Agent: selenium/4.12.1 (java windows)
Content-Length: 53
Content-Type: application/json; charset=utf-8
host: localhost:22653
accept: */*

Response DefaultHttpResponse(decodeResult: success, version: HTTP/1.1)
HTTP/1.1 404 Not Found
Content-Length: 1052
Content-Type: application/json; charset=utf-8
cache-control: no-cache

23:30:52.007 [AsyncHttpClient-1-17] DEBUG org.asynchttpclient.netty.channel.ChannelManager - Adding key: http://localhost:22653 for channel [id: 0xb0243466, L:/127.0.0.1:61035 - R:localhost/127.0.0.1:22653]
23:30:52.024 [Forwarding screenshot on session a2ad0b9567d6053172e3faefd2546669 to remote] DEBUG org.asynchttpclient.netty.request.NettyRequestSender - Using pooled Channel '[id: 0xb0243466, L:/127.0.0.1:61035 - R:localhost/127.0.0.1:22653]' for 'GET' to 'http://localhost:22653/session/a2ad0b9567d6053172e3faefd2546669/screenshot'
23:30:52.024 [Forwarding screenshot on session a2ad0b9567d6053172e3faefd2546669 to remote] DEBUG org.asynchttpclient.netty.request.NettyRequestSender - Using open Channel [id: 0xb0243466, L:/127.0.0.1:61035 - R:localhost/127.0.0.1:22653] for GET '/session/a2ad0b9567d6053172e3faefd2546669/screenshot'
23:30:52.880 [AsyncHttpClient-1-1] DEBUG org.asynchttpclient.netty.channel.DefaultChannelPool - Entry count for : http://localhost:61043 : 1
23:30:53.432 [AsyncHttpClient-1-17] DEBUG org.asynchttpclient.netty.handler.HttpHandler - 

Request DefaultFullHttpRequest(decodeResult: success, version: HTTP/1.1, content: EmptyByteBufBE)
GET /session/a2ad0b9567d6053172e3faefd2546669/screenshot HTTP/1.1
Cache-Control: no-cache
User-Agent: selenium/4.12.1 (java windows)
Content-Type: application/json; charset=utf-8
host: localhost:22653
accept: */*

Response DefaultHttpResponse(decodeResult: success, version: HTTP/1.1)
HTTP/1.1 200 OK
Content-Length: 533840
Content-Type: application/json; charset=utf-8
cache-control: no-cache

23:30:53.443 [AsyncHttpClient-1-17] DEBUG org.asynchttpclient.netty.channel.ChannelManager - Adding key: http://localhost:22653 for channel [id: 0xb0243466, L:/127.0.0.1:61035 - R:localhost/127.0.0.1:22653]
]]></system-out>
    <system-err><![CDATA[Mar 19, 2024 11:29:20 PM org.openqa.selenium.remote.http.WebSocket$Listener onError
WARNING: Connection reset
java.net.SocketException: Connection reset
	at java.base/sun.nio.ch.SocketChannelImpl.throwConnectionReset(SocketChannelImpl.java:401)
	at java.base/sun.nio.ch.SocketChannelImpl.read(SocketChannelImpl.java:434)
	at io.netty.buffer.PooledByteBuf.setBytes(PooledByteBuf.java:254)
	at io.netty.buffer.AbstractByteBuf.writeBytes(AbstractByteBuf.java:1132)
	at io.netty.channel.socket.nio.NioSocketChannel.doReadBytes(NioSocketChannel.java:357)
	at io.netty.channel.nio.AbstractNioByteChannel$NioByteUnsafe.read(AbstractNioByteChannel.java:151)
	at io.netty.channel.nio.NioEventLoop.processSelectedKey(NioEventLoop.java:788)
	at io.netty.channel.nio.NioEventLoop.processSelectedKeysOptimized(NioEventLoop.java:724)
	at io.netty.channel.nio.NioEventLoop.processSelectedKeys(NioEventLoop.java:650)
	at io.netty.channel.nio.NioEventLoop.run(NioEventLoop.java:562)
	at io.netty.util.concurrent.SingleThreadEventExecutor$4.run(SingleThreadEventExecutor.java:997)
	at io.netty.util.internal.ThreadExecutorMap$2.run(ThreadExecutorMap.java:74)
	at io.netty.util.concurrent.FastThreadLocalRunnable.run(FastThreadLocalRunnable.java:30)
	at java.base/java.lang.Thread.run(Thread.java:1623)

Mar 19, 2024 11:29:56 PM org.openqa.selenium.devtools.CdpVersionFinder findNearestMatch
WARNING: Unable to find an exact match for CDP version 120, so returning the closest version found: 116
]]></system-err>
  </testcase>
</testsuite>