<?xml version="1.0" encoding="UTF-8"?>
<testng-results ignored="0" total="1" passed="1" failed="0" skipped="0">
  <reporter-output>
  </reporter-output>
  <suite started-at="2024-07-06T20:00:20 IST" name="Suite" finished-at="2024-07-06T20:00:43 IST" duration-ms="22806">
    <groups>
    </groups>
    <test started-at="2024-07-06T20:00:20 IST" name="submit Order" finished-at="2024-07-06T20:00:43 IST" duration-ms="22806">
      <class name="nandha.tests.flipkartBaseTest">
        <test-method is-config="true" signature="launchApplication()[pri:0, instance:nandha.tests.flipkartBaseTest@30e868be]" started-at="2024-07-06T20:00:20 IST" name="launchApplication" finished-at="2024-07-06T20:00:31 IST" duration-ms="10774" status="PASS">
          <reporter-output>
          </reporter-output>
        </test-method> <!-- launchApplication -->
        <test-method signature="submitOrder()[pri:0, instance:nandha.tests.flipkartBaseTest@30e868be]" started-at="2024-07-06T20:00:31 IST" name="submitOrder" finished-at="2024-07-06T20:00:43 IST" duration-ms="12002" status="PASS">
          <reporter-output>
          </reporter-output>
        </test-method> <!-- submitOrder -->
        <test-method is-config="true" signature="tearDown()[pri:0, instance:nandha.tests.flipkartBaseTest@30e868be]" started-at="2024-07-06T20:00:43 IST" name="tearDown" finished-at="2024-07-06T20:00:43 IST" duration-ms="0" status="PASS">
          <reporter-output>
          </reporter-output>
        </test-method> <!-- tearDown -->
      </class> <!-- nandha.tests.flipkartBaseTest -->
    </test> <!-- submit Order -->
  </suite> <!-- Suite -->
</testng-results>
